2022-10-20 15:43:59.603 -0400 [debug] ([34mlogger.js[0m) [31mStarting FDK in node v16.16.0 on darwin[0m
2022-10-20 15:44:00.702 -0400 [debug] ([34msequelize.js[0m) [31msetting up sqilite at "/Users/hkremer/Documents/Yext-Search-for-Freshservice/Yext Search for Freshservice/.fdk/store.sqlite"[0m
2022-10-20 15:44:00.886 -0400 [debug] ([34mindex.js[0m) [31mRunning with args {"cmd":"run","gopts":{},"opts":{},"goptArg":{},"optArg":{},"args":[]}[0m
2022-10-20 15:44:00.887 -0400 [debug] ([34mdata-util.js[0m) [31mRead {"version_details":{"fdkCli":{"version":"6.13.2","dl":"https://dl.freshdev.io/cli/fdk-6.13.2.tgz","cmd":"npm install https://dl.freshdev.io/cli/fdk-6.13.2.tgz -g"},"addon":{"version":"1.9.10","dl":"https://dl.freshdev.io/cli-addon/addon-1.9.10.zip"},"forced_versions":["4.3.6"]},"last_updated":{"time_stamp":1666293558768}}[0m
2022-10-20 15:44:00.888 -0400 [debug] ([34mdata-util.js[0m) [31mRead {"version_details":{"fdkCli":{"version":"6.13.2","dl":"https://dl.freshdev.io/cli/fdk-6.13.2.tgz","cmd":"npm install https://dl.freshdev.io/cli/fdk-6.13.2.tgz -g"},"addon":{"version":"1.9.10","dl":"https://dl.freshdev.io/cli-addon/addon-1.9.10.zip"},"forced_versions":["4.3.6"]},"last_updated":{"time_stamp":1666293558768}}[0m
2022-10-20 15:44:00.888 -0400 [debug] ([34mupdater.js[0m) [31mCheck interval not met, skipping addon update[0m
2022-10-20 15:44:01.142 -0400 [debug] ([34mmanifest.js[0m) [31mReloading manifest with {"platform-version":"2.1","product":{"freshservice":{"location":{"full_page_app":{"url":"index.html","icon":"styles/images/Yext_Seal_White.svg"},"ticket_sidebar":{"url":"index.html","icon":"styles/images/Yext_Seal_Black.svg"},"new_ticket_sidebar":{"url":"index.html","icon":"styles/images/Yext_Seal_Black.svg"},"ticket_top_navigation":{"url":"index.html","icon":"styles/images/Yext_Seal_Black.svg"},"new_change_sidebar":{"url":"index.html","icon":"styles/images/Yext_Seal_Black.svg"}}}},"whitelisted-domains":[]}.[0m
2022-10-20 15:44:01.143 -0400 [debug] ([34mmanifest.js[0m) [31mInferred db as features.[0m
2022-10-20 15:44:01.145 -0400 [debug] ([34mdata-util.js[0m) [31mRead {"version_details":{"fdkCli":{"version":"6.13.2","dl":"https://dl.freshdev.io/cli/fdk-6.13.2.tgz","cmd":"npm install https://dl.freshdev.io/cli/fdk-6.13.2.tgz -g"},"addon":{"version":"1.9.10","dl":"https://dl.freshdev.io/cli-addon/addon-1.9.10.zip"},"forced_versions":["4.3.6"]},"last_updated":{"time_stamp":1666293558768}}[0m
2022-10-20 15:44:01.160 -0400 [debug] ([34mdata-util.js[0m) [31mRead {"version_details":{"fdkCli":{"version":"6.13.2","dl":"https://dl.freshdev.io/cli/fdk-6.13.2.tgz","cmd":"npm install https://dl.freshdev.io/cli/fdk-6.13.2.tgz -g"},"addon":{"version":"1.9.10","dl":"https://dl.freshdev.io/cli-addon/addon-1.9.10.zip"},"forced_versions":["4.3.6"]},"last_updated":{"time_stamp":1666293558768}}[0m
2022-10-20 15:44:01.588 -0400 [debug] ([34mfile-util.js[0m) [31mError while requiring /Users/hkremer/Documents/Yext-Search-for-Freshservice/Yext Search for Freshservice/.report.json: Cannot find module '/Users/hkremer/Documents/Yext-Search-for-Freshservice/Yext Search for Freshservice/.report.json'
Require stack:
- /usr/local/lib/node_modules/fdk/lib/utils/file-util.js
- /usr/local/lib/node_modules/fdk/index.js[0m
2022-10-20 15:44:02.559 -0400 [debug] ([34mdata-util.js[0m) [31mRead {"version_details":{"fdkCli":{"version":"6.13.2","dl":"https://dl.freshdev.io/cli/fdk-6.13.2.tgz","cmd":"npm install https://dl.freshdev.io/cli/fdk-6.13.2.tgz -g"},"addon":{"version":"1.9.10","dl":"https://dl.freshdev.io/cli-addon/addon-1.9.10.zip"},"forced_versions":["4.3.6"]},"last_updated":{"time_stamp":1666293558768}}[0m
2022-10-20 15:44:03.313 -0400 [debug] ([34mvalidate.js[0m) [31masked to skip the following validations, [0m
2022-10-20 15:44:03.314 -0400 [debug] ([34mvalidate.js[0m) [31mrunning validator actions[0m
2022-10-20 15:44:03.314 -0400 [debug] ([34mvalidate.js[0m) [31mrunning validator app-dir[0m
2022-10-20 15:44:03.316 -0400 [debug] ([34mvalidate.js[0m) [31mrunning validator config-dir[0m
2022-10-20 15:44:03.316 -0400 [debug] ([34mconfig-dir.js[0m) [31mChecking to see if /Users/hkremer/Documents/Yext-Search-for-Freshservice/Yext Search for Freshservice/config/ exists.[0m
2022-10-20 15:44:03.316 -0400 [debug] ([34mconfig-dir.js[0m) [31mFetched the following config files iparams.json[0m
2022-10-20 15:44:03.317 -0400 [debug] ([34mvalidate.js[0m) [31mrunning validator custom-objects[0m
2022-10-20 15:44:03.317 -0400 [debug] ([34mvalidate.js[0m) [31mrunning validator event[0m
2022-10-20 15:44:03.317 -0400 [debug] ([34mvalidate.js[0m) [31mrunning validator iparam[0m
2022-10-20 15:44:03.320 -0400 [debug] ([34mvalidate.js[0m) [31mskipping validator lint[0m
2022-10-20 15:44:03.320 -0400 [debug] ([34mvalidate.js[0m) [31mrunning validator manifest[0m
2022-10-20 15:44:03.320 -0400 [debug] ([34mmanifest.js[0m) [31mChoosing Default validator[0m
2022-10-20 15:44:03.322 -0400 [warn] 
        [33m[WARN][0m We recommend to move to platform version 2.2 as we plan to deprecate the previous versions soon.
        Please refer https://community.developers.freshworks.com/t/how-to-migrate-to-platform-version-2-2/3443 to know more details

2022-10-20 15:44:03.327 -0400 [debug] ([34mvalidate.js[0m) [31mskipping validator manifest-dependency[0m
2022-10-20 15:44:03.327 -0400 [debug] ([34mvalidate.js[0m) [31mrunning validator oauth[0m
2022-10-20 15:44:03.327 -0400 [debug] ([34mvalidate.js[0m) [31mskipping validator pkgsize[0m
2022-10-20 15:44:03.327 -0400 [debug] ([34mvalidate.js[0m) [31mrunning validator schema[0m
2022-10-20 15:44:03.332 -0400 [debug] ([34mwatcher.js[0m) [31mPreparing to watch the following files ./app,./config,./manifest.json[0m
2022-10-20 15:44:03.341 -0400 [debug] ([34mdata-util.js[0m) [31mRead {}[0m
2022-10-20 15:44:03.342 -0400 [debug] ([34mcustom-objects.js[0m) [31mto force or not? false[0m
2022-10-20 15:44:03.342 -0400 [debug] ([34mcustom-objects.js[0m) [31mbeginning to re-sync db[0m
2022-10-20 15:44:03.443 -0400 [debug] ([34mindex.js[0m) [31mloading model at "/usr/local/lib/node_modules/fdk/lib/models/bigint-pivot.js"[0m
2022-10-20 15:44:03.445 -0400 [debug] ([34mindex.js[0m) [31mloading model at "/usr/local/lib/node_modules/fdk/lib/models/entity-field-choice.js"[0m
2022-10-20 15:44:03.446 -0400 [debug] ([34mindex.js[0m) [31mloading model at "/usr/local/lib/node_modules/fdk/lib/models/entity-field.js"[0m
2022-10-20 15:44:03.447 -0400 [debug] ([34mindex.js[0m) [31mloading model at "/usr/local/lib/node_modules/fdk/lib/models/entity.js"[0m
2022-10-20 15:44:03.447 -0400 [debug] ([34mindex.js[0m) [31mloading model at "/usr/local/lib/node_modules/fdk/lib/models/record.js"[0m
2022-10-20 15:44:03.448 -0400 [debug] ([34mindex.js[0m) [31mloading model at "/usr/local/lib/node_modules/fdk/lib/models/string-pivot.js"[0m
2022-10-20 15:44:03.464 -0400 [debug] ([34mdata-util.js[0m) [31mRead {}[0m
2022-10-20 15:44:03.465 -0400 [debug] ([34mcustom-objects.js[0m) [31mupdated local store with latest entity hash[0m
2022-10-20 15:44:03.465 -0400 [info] Starting local testing server at http://*:10001/    
Append 'dev=true' to your Freshservice account URL to start testing    
e.g. https://domain.freshservice.com/helpdesk/tickets/1?dev=true    
Quit the server with Control-C.
2022-10-20 15:44:03.466 -0400 [info] To test the installation page, visit - http://localhost:10001/custom_configs
2022-10-20 15:44:07.824 -0400 [debug] ([34miframe.js[0m) [31mResponding with contents of /index.html[0m
2022-10-20 15:44:07.832 -0400 [debug] ([34miframe.js[0m) [31mResponding with contents of /index.html[0m
2022-10-20 15:44:07.860 -0400 [debug] ([34miframe.js[0m) [31mResponding with contents of /scripts/app.js[0m
2022-10-20 15:44:07.872 -0400 [debug] ([34mcoverage-util.js[0m) [31mInstrumenting /Users/hkremer/Documents/Yext-Search-for-Freshservice/Yext Search for Freshservice/app/scripts/app.js[0m
2022-10-20 15:44:08.131 -0400 [debug] ([34miframe.js[0m) [31mResponding with contents of /scripts/app.js[0m
2022-10-20 15:44:08.133 -0400 [debug] ([34mcoverage-util.js[0m) [31mInstrumenting /Users/hkremer/Documents/Yext-Search-for-Freshservice/Yext Search for Freshservice/app/scripts/app.js[0m
2022-10-20 15:44:10.232 -0400 [debug] ([34mcoverage-util.js[0m) [31mWriting coverage.[0m
2022-10-20 15:44:10.286 -0400 [debug] ([34mcoverage-util.js[0m) [31mWriting coverage.[0m
2022-10-20 15:44:10.452 -0400 [debug] ([34miframe.js[0m) [31mResponding with contents of /index.html[0m
2022-10-20 15:44:10.496 -0400 [debug] ([34miframe.js[0m) [31mResponding with contents of /scripts/app.js[0m
2022-10-20 15:44:10.496 -0400 [debug] ([34mcoverage-util.js[0m) [31mInstrumenting /Users/hkremer/Documents/Yext-Search-for-Freshservice/Yext Search for Freshservice/app/scripts/app.js[0m
2022-10-20 15:44:12.550 -0400 [debug] ([34mcoverage-util.js[0m) [31mWriting coverage.[0m
2022-10-20 15:44:14.795 -0400 [debug] ([34miframe.js[0m) [31mResponding with contents of /index.html[0m
2022-10-20 15:44:14.798 -0400 [debug] ([34miframe.js[0m) [31mResponding with contents of /index.html[0m
2022-10-20 15:44:14.819 -0400 [debug] ([34miframe.js[0m) [31mResponding with contents of /scripts/app.js[0m
2022-10-20 15:44:14.819 -0400 [debug] ([34mcoverage-util.js[0m) [31mInstrumenting /Users/hkremer/Documents/Yext-Search-for-Freshservice/Yext Search for Freshservice/app/scripts/app.js[0m
2022-10-20 15:44:14.877 -0400 [debug] ([34miframe.js[0m) [31mResponding with contents of /scripts/app.js[0m
2022-10-20 15:44:14.877 -0400 [debug] ([34mcoverage-util.js[0m) [31mInstrumenting /Users/hkremer/Documents/Yext-Search-for-Freshservice/Yext Search for Freshservice/app/scripts/app.js[0m
2022-10-20 15:44:16.907 -0400 [debug] ([34mcoverage-util.js[0m) [31mWriting coverage.[0m
2022-10-20 15:44:16.959 -0400 [debug] ([34mcoverage-util.js[0m) [31mWriting coverage.[0m
2022-10-20 15:44:18.955 -0400 [debug] ([34mcoverage-util.js[0m) [31mWriting coverage.[0m
2022-10-20 15:46:17.289 -0400 [debug] ([34mdata-util.js[0m) [31mRead {}[0m
2022-10-20 15:46:17.290 -0400 [debug] ([34mdata-util.js[0m) [31mRead {}[0m
2022-10-20 15:46:17.290 -0400 [debug] ([34miframe.js[0m) [31mResponding to product with {"configs":{},"displayName":"Yext Search for Freshservice","product":{"freshservice":{"location":{"full_page_app":{"url":"index.html","icon":"styles/images/Yext_Seal_White.svg"},"ticket_sidebar":{"url":"index.html","icon":"styles/images/Yext_Seal_Black.svg"},"new_ticket_sidebar":{"url":"index.html","icon":"styles/images/Yext_Seal_Black.svg"},"ticket_top_navigation":{"url":"index.html","icon":"styles/images/Yext_Seal_Black.svg"},"new_change_sidebar":{"url":"index.html","icon":"styles/images/Yext_Seal_Black.svg"}}}},"features":["db"],"actions":false,"omni":false,"products":["freshservice"],"platform":"2.1","v2":[{"id":1,"version_id":1,"configs":{},"displayName":"Yext Search for Freshservice","placeholders":{"full_page_app":{"url":"http://localhost:10001/iframe/index.html","icon":"styles/images/Yext_Seal_White.svg"},"ticket_sidebar":{"url":"http://localhost:10001/iframe/index.html","icon":"styles/images/Yext_Seal_Black.svg"},"new_ticket_sidebar":{"url":"http://localhost:10001/iframe/index.html","icon":"styles/images/Yext_Seal_Black.svg"},"ticket_top_navigation":{"url":"http://localhost:10001/iframe/index.html","icon":"styles/images/Yext_Seal_Black.svg"},"new_change_sidebar":{"url":"http://localhost:10001/iframe/index.html","icon":"styles/images/Yext_Seal_Black.svg"}}}]}[0m
2022-10-20 15:46:17.294 -0400 [debug] ([34mdata-util.js[0m) [31mRead {}[0m
2022-10-20 15:46:17.295 -0400 [debug] ([34mdata-util.js[0m) [31mRead {}[0m
2022-10-20 15:46:17.295 -0400 [debug] ([34miframe.js[0m) [31mResponding to product with {"configs":{},"displayName":"Yext Search for Freshservice","product":{"freshservice":{"location":{"full_page_app":{"url":"index.html","icon":"styles/images/Yext_Seal_White.svg"},"ticket_sidebar":{"url":"index.html","icon":"styles/images/Yext_Seal_Black.svg"},"new_ticket_sidebar":{"url":"index.html","icon":"styles/images/Yext_Seal_Black.svg"},"ticket_top_navigation":{"url":"index.html","icon":"styles/images/Yext_Seal_Black.svg"},"new_change_sidebar":{"url":"index.html","icon":"styles/images/Yext_Seal_Black.svg"}}}},"features":["db"],"actions":false,"omni":false,"products":["freshservice"],"platform":"2.1","v2":[{"id":1,"version_id":1,"configs":{},"displayName":"Yext Search for Freshservice","placeholders":{"full_page_app":{"url":"http://localhost:10001/iframe/index.html","icon":"styles/images/Yext_Seal_White.svg"},"ticket_sidebar":{"url":"http://localhost:10001/iframe/index.html","icon":"styles/images/Yext_Seal_Black.svg"},"new_ticket_sidebar":{"url":"http://localhost:10001/iframe/index.html","icon":"styles/images/Yext_Seal_Black.svg"},"ticket_top_navigation":{"url":"http://localhost:10001/iframe/index.html","icon":"styles/images/Yext_Seal_Black.svg"},"new_change_sidebar":{"url":"http://localhost:10001/iframe/index.html","icon":"styles/images/Yext_Seal_Black.svg"}}}]}[0m
2022-10-20 15:46:17.708 -0400 [debug] ([34miframe.js[0m) [31mResponding with contents of /index.html[0m
2022-10-20 15:46:17.714 -0400 [debug] ([34miframe.js[0m) [31mResponding with contents of /index.html[0m
2022-10-20 15:46:17.728 -0400 [debug] ([34miframe.js[0m) [31mResponding with contents of /scripts/app.js[0m
2022-10-20 15:46:17.729 -0400 [debug] ([34mcoverage-util.js[0m) [31mInstrumenting /Users/hkremer/Documents/Yext-Search-for-Freshservice/Yext Search for Freshservice/app/scripts/app.js[0m
2022-10-20 15:46:17.774 -0400 [debug] ([34miframe.js[0m) [31mResponding with contents of /scripts/app.js[0m
2022-10-20 15:46:17.775 -0400 [debug] ([34mcoverage-util.js[0m) [31mInstrumenting /Users/hkremer/Documents/Yext-Search-for-Freshservice/Yext Search for Freshservice/app/scripts/app.js[0m
2022-10-20 15:46:19.270 -0400 [debug] ([34miframe.js[0m) [31mResponding with contents of /index.html[0m
2022-10-20 15:46:19.321 -0400 [debug] ([34miframe.js[0m) [31mResponding with contents of /scripts/app.js[0m
2022-10-20 15:46:19.338 -0400 [debug] ([34mcoverage-util.js[0m) [31mInstrumenting /Users/hkremer/Documents/Yext-Search-for-Freshservice/Yext Search for Freshservice/app/scripts/app.js[0m
2022-10-20 15:46:21.374 -0400 [debug] ([34mcoverage-util.js[0m) [31mWriting coverage.[0m
2022-10-20 15:46:22.935 -0400 [debug] ([34miframe.js[0m) [31mResponding with contents of /index.html[0m
2022-10-20 15:46:22.937 -0400 [debug] ([34miframe.js[0m) [31mResponding with contents of /index.html[0m
2022-10-20 15:46:22.954 -0400 [debug] ([34miframe.js[0m) [31mResponding with contents of /scripts/app.js[0m
2022-10-20 15:46:22.955 -0400 [debug] ([34mcoverage-util.js[0m) [31mInstrumenting /Users/hkremer/Documents/Yext-Search-for-Freshservice/Yext Search for Freshservice/app/scripts/app.js[0m
2022-10-20 15:46:22.987 -0400 [debug] ([34miframe.js[0m) [31mResponding with contents of /scripts/app.js[0m
2022-10-20 15:46:22.988 -0400 [debug] ([34mcoverage-util.js[0m) [31mInstrumenting /Users/hkremer/Documents/Yext-Search-for-Freshservice/Yext Search for Freshservice/app/scripts/app.js[0m
2022-10-20 15:46:25.026 -0400 [debug] ([34mcoverage-util.js[0m) [31mWriting coverage.[0m
2022-10-20 15:46:25.064 -0400 [debug] ([34mcoverage-util.js[0m) [31mWriting coverage.[0m
2022-10-20 15:48:02.972 -0400 [debug] ([34mdata-util.js[0m) [31mRead {}[0m
2022-10-20 15:48:02.974 -0400 [debug] ([34mdata-util.js[0m) [31mRead {}[0m
2022-10-20 15:48:02.974 -0400 [debug] ([34miframe.js[0m) [31mResponding to product with {"configs":{},"displayName":"Yext Search for Freshservice","product":{"freshservice":{"location":{"full_page_app":{"url":"index.html","icon":"styles/images/Yext_Seal_White.svg"},"ticket_sidebar":{"url":"index.html","icon":"styles/images/Yext_Seal_Black.svg"},"new_ticket_sidebar":{"url":"index.html","icon":"styles/images/Yext_Seal_Black.svg"},"ticket_top_navigation":{"url":"index.html","icon":"styles/images/Yext_Seal_Black.svg"},"new_change_sidebar":{"url":"index.html","icon":"styles/images/Yext_Seal_Black.svg"}}}},"features":["db"],"actions":false,"omni":false,"products":["freshservice"],"platform":"2.1","v2":[{"id":1,"version_id":1,"configs":{},"displayName":"Yext Search for Freshservice","placeholders":{"full_page_app":{"url":"http://localhost:10001/iframe/index.html","icon":"styles/images/Yext_Seal_White.svg"},"ticket_sidebar":{"url":"http://localhost:10001/iframe/index.html","icon":"styles/images/Yext_Seal_Black.svg"},"new_ticket_sidebar":{"url":"http://localhost:10001/iframe/index.html","icon":"styles/images/Yext_Seal_Black.svg"},"ticket_top_navigation":{"url":"http://localhost:10001/iframe/index.html","icon":"styles/images/Yext_Seal_Black.svg"},"new_change_sidebar":{"url":"http://localhost:10001/iframe/index.html","icon":"styles/images/Yext_Seal_Black.svg"}}}]}[0m
2022-10-20 15:48:02.976 -0400 [debug] ([34mdata-util.js[0m) [31mRead {}[0m
2022-10-20 15:48:02.976 -0400 [debug] ([34mdata-util.js[0m) [31mRead {}[0m
2022-10-20 15:48:02.976 -0400 [debug] ([34miframe.js[0m) [31mResponding to product with {"configs":{},"displayName":"Yext Search for Freshservice","product":{"freshservice":{"location":{"full_page_app":{"url":"index.html","icon":"styles/images/Yext_Seal_White.svg"},"ticket_sidebar":{"url":"index.html","icon":"styles/images/Yext_Seal_Black.svg"},"new_ticket_sidebar":{"url":"index.html","icon":"styles/images/Yext_Seal_Black.svg"},"ticket_top_navigation":{"url":"index.html","icon":"styles/images/Yext_Seal_Black.svg"},"new_change_sidebar":{"url":"index.html","icon":"styles/images/Yext_Seal_Black.svg"}}}},"features":["db"],"actions":false,"omni":false,"products":["freshservice"],"platform":"2.1","v2":[{"id":1,"version_id":1,"configs":{},"displayName":"Yext Search for Freshservice","placeholders":{"full_page_app":{"url":"http://localhost:10001/iframe/index.html","icon":"styles/images/Yext_Seal_White.svg"},"ticket_sidebar":{"url":"http://localhost:10001/iframe/index.html","icon":"styles/images/Yext_Seal_Black.svg"},"new_ticket_sidebar":{"url":"http://localhost:10001/iframe/index.html","icon":"styles/images/Yext_Seal_Black.svg"},"ticket_top_navigation":{"url":"http://localhost:10001/iframe/index.html","icon":"styles/images/Yext_Seal_Black.svg"},"new_change_sidebar":{"url":"http://localhost:10001/iframe/index.html","icon":"styles/images/Yext_Seal_Black.svg"}}}]}[0m
2022-10-20 15:48:03.382 -0400 [debug] ([34miframe.js[0m) [31mResponding with contents of /index.html[0m
2022-10-20 15:48:03.384 -0400 [debug] ([34miframe.js[0m) [31mResponding with contents of /index.html[0m
2022-10-20 15:48:03.700 -0400 [debug] ([34miframe.js[0m) [31mResponding with contents of /scripts/app.js[0m
2022-10-20 15:48:03.701 -0400 [debug] ([34mcoverage-util.js[0m) [31mInstrumenting /Users/hkremer/Documents/Yext-Search-for-Freshservice/Yext Search for Freshservice/app/scripts/app.js[0m
2022-10-20 15:48:03.738 -0400 [debug] ([34miframe.js[0m) [31mResponding with contents of /scripts/app.js[0m
2022-10-20 15:48:03.740 -0400 [debug] ([34mcoverage-util.js[0m) [31mInstrumenting /Users/hkremer/Documents/Yext-Search-for-Freshservice/Yext Search for Freshservice/app/scripts/app.js[0m
2022-10-20 15:48:06.028 -0400 [debug] ([34mcoverage-util.js[0m) [31mWriting coverage.[0m
2022-10-20 15:48:06.039 -0400 [debug] ([34mcoverage-util.js[0m) [31mWriting coverage.[0m
2022-10-20 15:48:10.475 -0400 [debug] ([34mdata-util.js[0m) [31mRead {}[0m
2022-10-20 15:48:15.875 -0400 [debug] ([34mdata-util.js[0m) [31mRead {"yext_s_101_101_freshservice":{"yext_s_101_101_custom_iparams":{"answersUrl":"https://telco-wireless-agent-desktop-view.yextdemos.com.pagescdn.com/","autoFillSearchBar":""}}}[0m
2022-10-20 15:48:15.876 -0400 [debug] ([34mdata-util.js[0m) [31mRead {"yext_s_101_101_freshservice":{"yext_s_101_101_custom_iparams":{"answersUrl":"https://telco-wireless-agent-desktop-view.yextdemos.com.pagescdn.com/","autoFillSearchBar":""}}}[0m
2022-10-20 15:48:15.876 -0400 [debug] ([34miframe.js[0m) [31mResponding to product with {"configs":{"answersUrl":"https://telco-wireless-agent-desktop-view.yextdemos.com.pagescdn.com/","autoFillSearchBar":""},"displayName":"Yext Search for Freshservice","product":{"freshservice":{"location":{"full_page_app":{"url":"index.html","icon":"styles/images/Yext_Seal_White.svg"},"ticket_sidebar":{"url":"index.html","icon":"styles/images/Yext_Seal_Black.svg"},"new_ticket_sidebar":{"url":"index.html","icon":"styles/images/Yext_Seal_Black.svg"},"ticket_top_navigation":{"url":"index.html","icon":"styles/images/Yext_Seal_Black.svg"},"new_change_sidebar":{"url":"index.html","icon":"styles/images/Yext_Seal_Black.svg"}}}},"features":["db"],"actions":false,"omni":false,"products":["freshservice"],"platform":"2.1","v2":[{"id":1,"version_id":1,"configs":{"answersUrl":"https://telco-wireless-agent-desktop-view.yextdemos.com.pagescdn.com/","autoFillSearchBar":""},"displayName":"Yext Search for Freshservice","placeholders":{"full_page_app":{"url":"http://localhost:10001/iframe/index.html","icon":"styles/images/Yext_Seal_White.svg"},"ticket_sidebar":{"url":"http://localhost:10001/iframe/index.html","icon":"styles/images/Yext_Seal_Black.svg"},"new_ticket_sidebar":{"url":"http://localhost:10001/iframe/index.html","icon":"styles/images/Yext_Seal_Black.svg"},"ticket_top_navigation":{"url":"http://localhost:10001/iframe/index.html","icon":"styles/images/Yext_Seal_Black.svg"},"new_change_sidebar":{"url":"http://localhost:10001/iframe/index.html","icon":"styles/images/Yext_Seal_Black.svg"}}}]}[0m
2022-10-20 15:48:15.877 -0400 [debug] ([34mdata-util.js[0m) [31mRead {"yext_s_101_101_freshservice":{"yext_s_101_101_custom_iparams":{"answersUrl":"https://telco-wireless-agent-desktop-view.yextdemos.com.pagescdn.com/","autoFillSearchBar":""}}}[0m
2022-10-20 15:48:15.877 -0400 [debug] ([34mdata-util.js[0m) [31mRead {"yext_s_101_101_freshservice":{"yext_s_101_101_custom_iparams":{"answersUrl":"https://telco-wireless-agent-desktop-view.yextdemos.com.pagescdn.com/","autoFillSearchBar":""}}}[0m
2022-10-20 15:48:15.878 -0400 [debug] ([34miframe.js[0m) [31mResponding to product with {"configs":{"answersUrl":"https://telco-wireless-agent-desktop-view.yextdemos.com.pagescdn.com/","autoFillSearchBar":""},"displayName":"Yext Search for Freshservice","product":{"freshservice":{"location":{"full_page_app":{"url":"index.html","icon":"styles/images/Yext_Seal_White.svg"},"ticket_sidebar":{"url":"index.html","icon":"styles/images/Yext_Seal_Black.svg"},"new_ticket_sidebar":{"url":"index.html","icon":"styles/images/Yext_Seal_Black.svg"},"ticket_top_navigation":{"url":"index.html","icon":"styles/images/Yext_Seal_Black.svg"},"new_change_sidebar":{"url":"index.html","icon":"styles/images/Yext_Seal_Black.svg"}}}},"features":["db"],"actions":false,"omni":false,"products":["freshservice"],"platform":"2.1","v2":[{"id":1,"version_id":1,"configs":{"answersUrl":"https://telco-wireless-agent-desktop-view.yextdemos.com.pagescdn.com/","autoFillSearchBar":""},"displayName":"Yext Search for Freshservice","placeholders":{"full_page_app":{"url":"http://localhost:10001/iframe/index.html","icon":"styles/images/Yext_Seal_White.svg"},"ticket_sidebar":{"url":"http://localhost:10001/iframe/index.html","icon":"styles/images/Yext_Seal_Black.svg"},"new_ticket_sidebar":{"url":"http://localhost:10001/iframe/index.html","icon":"styles/images/Yext_Seal_Black.svg"},"ticket_top_navigation":{"url":"http://localhost:10001/iframe/index.html","icon":"styles/images/Yext_Seal_Black.svg"},"new_change_sidebar":{"url":"http://localhost:10001/iframe/index.html","icon":"styles/images/Yext_Seal_Black.svg"}}}]}[0m
2022-10-20 15:48:16.171 -0400 [debug] ([34miframe.js[0m) [31mResponding with contents of /index.html[0m
2022-10-20 15:48:16.173 -0400 [debug] ([34miframe.js[0m) [31mResponding with contents of /index.html[0m
2022-10-20 15:48:16.200 -0400 [debug] ([34miframe.js[0m) [31mResponding with contents of /scripts/app.js[0m
2022-10-20 15:48:16.201 -0400 [debug] ([34mcoverage-util.js[0m) [31mInstrumenting /Users/hkremer/Documents/Yext-Search-for-Freshservice/Yext Search for Freshservice/app/scripts/app.js[0m
2022-10-20 15:48:16.293 -0400 [debug] ([34miframe.js[0m) [31mResponding with contents of /scripts/app.js[0m
2022-10-20 15:48:16.294 -0400 [debug] ([34mcoverage-util.js[0m) [31mInstrumenting /Users/hkremer/Documents/Yext-Search-for-Freshservice/Yext Search for Freshservice/app/scripts/app.js[0m
2022-10-20 15:48:18.382 -0400 [debug] ([34mcoverage-util.js[0m) [31mWriting coverage.[0m
2022-10-20 15:48:18.442 -0400 [debug] ([34mcoverage-util.js[0m) [31mWriting coverage.[0m
2022-10-20 15:48:20.428 -0400 [debug] ([34mcoverage-util.js[0m) [31mWriting coverage.[0m
2022-10-20 15:49:06.836 -0400 [debug] ([34miframe.js[0m) [31mResponding with contents of /index.html[0m
2022-10-20 15:49:06.877 -0400 [debug] ([34miframe.js[0m) [31mResponding with contents of /scripts/app.js[0m
2022-10-20 15:49:06.878 -0400 [debug] ([34mcoverage-util.js[0m) [31mInstrumenting /Users/hkremer/Documents/Yext-Search-for-Freshservice/Yext Search for Freshservice/app/scripts/app.js[0m
2022-10-20 15:49:08.932 -0400 [debug] ([34mcoverage-util.js[0m) [31mWriting coverage.[0m
2022-10-20 15:49:14.662 -0400 [debug] ([34miframe.js[0m) [31mResponding with contents of /index.html[0m
2022-10-20 15:49:14.665 -0400 [debug] ([34miframe.js[0m) [31mResponding with contents of /index.html[0m
2022-10-20 15:49:14.693 -0400 [debug] ([34miframe.js[0m) [31mResponding with contents of /scripts/app.js[0m
2022-10-20 15:49:14.694 -0400 [debug] ([34mcoverage-util.js[0m) [31mInstrumenting /Users/hkremer/Documents/Yext-Search-for-Freshservice/Yext Search for Freshservice/app/scripts/app.js[0m
2022-10-20 15:49:14.724 -0400 [debug] ([34miframe.js[0m) [31mResponding with contents of /scripts/app.js[0m
2022-10-20 15:49:14.724 -0400 [debug] ([34mcoverage-util.js[0m) [31mInstrumenting /Users/hkremer/Documents/Yext-Search-for-Freshservice/Yext Search for Freshservice/app/scripts/app.js[0m
2022-10-20 15:49:16.738 -0400 [debug] ([34mcoverage-util.js[0m) [31mWriting coverage.[0m
2022-10-20 15:49:16.783 -0400 [debug] ([34mcoverage-util.js[0m) [31mWriting coverage.[0m
2022-10-20 15:49:22.729 -0400 [debug] ([34mcoverage-util.js[0m) [31mWriting coverage.[0m
2022-10-20 15:49:24.737 -0400 [debug] ([34mcoverage-util.js[0m) [31mWriting coverage.[0m
2022-10-20 15:50:14.814 -0400 [debug] ([34mcoverage-util.js[0m) [31mWriting coverage.[0m
2022-10-20 15:50:16.776 -0400 [debug] ([34mcoverage-util.js[0m) [31mWriting coverage.[0m
2022-10-20 15:50:22.733 -0400 [debug] ([34mcoverage-util.js[0m) [31mWriting coverage.[0m
2022-10-20 15:50:24.755 -0400 [debug] ([34mcoverage-util.js[0m) [31mWriting coverage.[0m
2022-10-20 15:50:26.731 -0400 [debug] ([34mcoverage-util.js[0m) [31mWriting coverage.[0m
2022-10-20 15:50:28.737 -0400 [debug] ([34mcoverage-util.js[0m) [31mWriting coverage.[0m
2022-10-20 15:50:30.814 -0400 [debug] ([34mcoverage-util.js[0m) [31mWriting coverage.[0m
2022-10-20 15:50:32.774 -0400 [debug] ([34mcoverage-util.js[0m) [31mWriting coverage.[0m
2022-10-20 15:50:36.803 -0400 [debug] ([34mcoverage-util.js[0m) [31mWriting coverage.[0m
2022-10-20 15:50:56.733 -0400 [debug] ([34mcoverage-util.js[0m) [31mWriting coverage.[0m
2022-10-20 15:50:58.814 -0400 [debug] ([34mcoverage-util.js[0m) [31mWriting coverage.[0m
2022-10-20 15:51:26.798 -0400 [debug] ([34mcoverage-util.js[0m) [31mWriting coverage.[0m
2022-10-20 15:51:28.793 -0400 [debug] ([34mcoverage-util.js[0m) [31mWriting coverage.[0m
2022-10-20 15:51:30.755 -0400 [debug] ([34mcoverage-util.js[0m) [31mWriting coverage.[0m
2022-10-20 15:51:40.596 -0400 [debug] ([34mdata-util.js[0m) [31mRead {"yext_s_101_101_freshservice":{"yext_s_101_101_custom_iparams":{"answersUrl":"https://telco-wireless-agent-desktop-view.yextdemos.com.pagescdn.com/","autoFillSearchBar":""}}}[0m
2022-10-20 15:51:40.597 -0400 [debug] ([34mdata-util.js[0m) [31mRead {"yext_s_101_101_freshservice":{"yext_s_101_101_custom_iparams":{"answersUrl":"https://telco-wireless-agent-desktop-view.yextdemos.com.pagescdn.com/","autoFillSearchBar":""}}}[0m
2022-10-20 15:51:40.597 -0400 [debug] ([34miframe.js[0m) [31mResponding to product with {"configs":{"answersUrl":"https://telco-wireless-agent-desktop-view.yextdemos.com.pagescdn.com/","autoFillSearchBar":""},"displayName":"Yext Search for Freshservice","product":{"freshservice":{"location":{"full_page_app":{"url":"index.html","icon":"styles/images/Yext_Seal_White.svg"},"ticket_sidebar":{"url":"index.html","icon":"styles/images/Yext_Seal_Black.svg"},"new_ticket_sidebar":{"url":"index.html","icon":"styles/images/Yext_Seal_Black.svg"},"ticket_top_navigation":{"url":"index.html","icon":"styles/images/Yext_Seal_Black.svg"},"new_change_sidebar":{"url":"index.html","icon":"styles/images/Yext_Seal_Black.svg"}}}},"features":["db"],"actions":false,"omni":false,"products":["freshservice"],"platform":"2.1","v2":[{"id":1,"version_id":1,"configs":{"answersUrl":"https://telco-wireless-agent-desktop-view.yextdemos.com.pagescdn.com/","autoFillSearchBar":""},"displayName":"Yext Search for Freshservice","placeholders":{"full_page_app":{"url":"http://localhost:10001/iframe/index.html","icon":"styles/images/Yext_Seal_White.svg"},"ticket_sidebar":{"url":"http://localhost:10001/iframe/index.html","icon":"styles/images/Yext_Seal_Black.svg"},"new_ticket_sidebar":{"url":"http://localhost:10001/iframe/index.html","icon":"styles/images/Yext_Seal_Black.svg"},"ticket_top_navigation":{"url":"http://localhost:10001/iframe/index.html","icon":"styles/images/Yext_Seal_Black.svg"},"new_change_sidebar":{"url":"http://localhost:10001/iframe/index.html","icon":"styles/images/Yext_Seal_Black.svg"}}}]}[0m
2022-10-20 15:51:40.600 -0400 [debug] ([34mdata-util.js[0m) [31mRead {"yext_s_101_101_freshservice":{"yext_s_101_101_custom_iparams":{"answersUrl":"https://telco-wireless-agent-desktop-view.yextdemos.com.pagescdn.com/","autoFillSearchBar":""}}}[0m
2022-10-20 15:51:40.601 -0400 [debug] ([34mdata-util.js[0m) [31mRead {"yext_s_101_101_freshservice":{"yext_s_101_101_custom_iparams":{"answersUrl":"https://telco-wireless-agent-desktop-view.yextdemos.com.pagescdn.com/","autoFillSearchBar":""}}}[0m
2022-10-20 15:51:40.601 -0400 [debug] ([34miframe.js[0m) [31mResponding to product with {"configs":{"answersUrl":"https://telco-wireless-agent-desktop-view.yextdemos.com.pagescdn.com/","autoFillSearchBar":""},"displayName":"Yext Search for Freshservice","product":{"freshservice":{"location":{"full_page_app":{"url":"index.html","icon":"styles/images/Yext_Seal_White.svg"},"ticket_sidebar":{"url":"index.html","icon":"styles/images/Yext_Seal_Black.svg"},"new_ticket_sidebar":{"url":"index.html","icon":"styles/images/Yext_Seal_Black.svg"},"ticket_top_navigation":{"url":"index.html","icon":"styles/images/Yext_Seal_Black.svg"},"new_change_sidebar":{"url":"index.html","icon":"styles/images/Yext_Seal_Black.svg"}}}},"features":["db"],"actions":false,"omni":false,"products":["freshservice"],"platform":"2.1","v2":[{"id":1,"version_id":1,"configs":{"answersUrl":"https://telco-wireless-agent-desktop-view.yextdemos.com.pagescdn.com/","autoFillSearchBar":""},"displayName":"Yext Search for Freshservice","placeholders":{"full_page_app":{"url":"http://localhost:10001/iframe/index.html","icon":"styles/images/Yext_Seal_White.svg"},"ticket_sidebar":{"url":"http://localhost:10001/iframe/index.html","icon":"styles/images/Yext_Seal_Black.svg"},"new_ticket_sidebar":{"url":"http://localhost:10001/iframe/index.html","icon":"styles/images/Yext_Seal_Black.svg"},"ticket_top_navigation":{"url":"http://localhost:10001/iframe/index.html","icon":"styles/images/Yext_Seal_Black.svg"},"new_change_sidebar":{"url":"http://localhost:10001/iframe/index.html","icon":"styles/images/Yext_Seal_Black.svg"}}}]}[0m
2022-10-20 15:51:41.019 -0400 [debug] ([34miframe.js[0m) [31mResponding with contents of /index.html[0m
2022-10-20 15:51:41.024 -0400 [debug] ([34miframe.js[0m) [31mResponding with contents of /index.html[0m
2022-10-20 15:51:41.056 -0400 [debug] ([34miframe.js[0m) [31mResponding with contents of /scripts/app.js[0m
2022-10-20 15:51:41.057 -0400 [debug] ([34mcoverage-util.js[0m) [31mInstrumenting /Users/hkremer/Documents/Yext-Search-for-Freshservice/Yext Search for Freshservice/app/scripts/app.js[0m
2022-10-20 15:51:41.088 -0400 [debug] ([34miframe.js[0m) [31mResponding with contents of /scripts/app.js[0m
2022-10-20 15:51:41.089 -0400 [debug] ([34mcoverage-util.js[0m) [31mInstrumenting /Users/hkremer/Documents/Yext-Search-for-Freshservice/Yext Search for Freshservice/app/scripts/app.js[0m
2022-10-20 15:51:43.191 -0400 [debug] ([34mcoverage-util.js[0m) [31mWriting coverage.[0m
2022-10-20 15:51:43.198 -0400 [debug] ([34mcoverage-util.js[0m) [31mWriting coverage.[0m
2022-10-20 15:51:43.228 -0400 [debug] ([34miframe.js[0m) [31mResponding with contents of /scripts/app.js[0m
2022-10-20 15:51:43.228 -0400 [debug] ([34mcoverage-util.js[0m) [31mInstrumenting /Users/hkremer/Documents/Yext-Search-for-Freshservice/Yext Search for Freshservice/app/scripts/app.js[0m
2022-10-20 15:51:43.253 -0400 [debug] ([34miframe.js[0m) [31mResponding with contents of /scripts/app.js[0m
2022-10-20 15:51:43.253 -0400 [debug] ([34mcoverage-util.js[0m) [31mInstrumenting /Users/hkremer/Documents/Yext-Search-for-Freshservice/Yext Search for Freshservice/app/scripts/app.js[0m
2022-10-20 15:51:45.228 -0400 [debug] ([34mcoverage-util.js[0m) [31mWriting coverage.[0m
2022-10-20 15:51:47.209 -0400 [debug] ([34mcoverage-util.js[0m) [31mWriting coverage.[0m
2022-10-20 15:51:49.195 -0400 [debug] ([34mcoverage-util.js[0m) [31mWriting coverage.[0m
2022-10-20 15:51:51.166 -0400 [debug] ([34mcoverage-util.js[0m) [31mWriting coverage.[0m
2022-10-20 15:51:55.150 -0400 [debug] ([34mcoverage-util.js[0m) [31mWriting coverage.[0m
2022-10-20 15:51:58.318 -0400 [debug] ([34miframe.js[0m) [31mResponding with contents of /index.html[0m
2022-10-20 15:51:58.327 -0400 [debug] ([34miframe.js[0m) [31mResponding with contents of /index.html[0m
2022-10-20 15:51:58.359 -0400 [debug] ([34miframe.js[0m) [31mResponding with contents of /scripts/app.js[0m
2022-10-20 15:51:58.359 -0400 [debug] ([34mcoverage-util.js[0m) [31mInstrumenting /Users/hkremer/Documents/Yext-Search-for-Freshservice/Yext Search for Freshservice/app/scripts/app.js[0m
2022-10-20 15:51:58.388 -0400 [debug] ([34miframe.js[0m) [31mResponding with contents of /scripts/app.js[0m
2022-10-20 15:51:58.389 -0400 [debug] ([34mcoverage-util.js[0m) [31mInstrumenting /Users/hkremer/Documents/Yext-Search-for-Freshservice/Yext Search for Freshservice/app/scripts/app.js[0m
2022-10-20 15:51:58.414 -0400 [debug] ([34miframe.js[0m) [31mResponding with contents of /scripts/app.js[0m
2022-10-20 15:51:58.414 -0400 [debug] ([34mcoverage-util.js[0m) [31mInstrumenting /Users/hkremer/Documents/Yext-Search-for-Freshservice/Yext Search for Freshservice/app/scripts/app.js[0m
2022-10-20 15:51:58.451 -0400 [debug] ([34miframe.js[0m) [31mResponding with contents of /scripts/app.js[0m
2022-10-20 15:51:58.451 -0400 [debug] ([34mcoverage-util.js[0m) [31mInstrumenting /Users/hkremer/Documents/Yext-Search-for-Freshservice/Yext Search for Freshservice/app/scripts/app.js[0m
2022-10-20 15:52:00.417 -0400 [debug] ([34mcoverage-util.js[0m) [31mWriting coverage.[0m
2022-10-20 15:52:00.482 -0400 [debug] ([34mcoverage-util.js[0m) [31mWriting coverage.[0m
2022-10-20 15:52:04.402 -0400 [debug] ([34mcoverage-util.js[0m) [31mWriting coverage.[0m
2022-10-20 15:52:06.414 -0400 [debug] ([34mcoverage-util.js[0m) [31mWriting coverage.[0m
2022-10-20 15:52:08.406 -0400 [debug] ([34mcoverage-util.js[0m) [31mWriting coverage.[0m
2022-10-20 15:52:13.406 -0400 [debug] ([34mdata-util.js[0m) [31mRead {"yext_s_101_101_freshservice":{"yext_s_101_101_custom_iparams":{"answersUrl":"https://telco-wireless-agent-desktop-view.yextdemos.com.pagescdn.com/","autoFillSearchBar":""}}}[0m
2022-10-20 15:52:13.407 -0400 [debug] ([34mdata-util.js[0m) [31mRead {"yext_s_101_101_freshservice":{"yext_s_101_101_custom_iparams":{"answersUrl":"https://telco-wireless-agent-desktop-view.yextdemos.com.pagescdn.com/","autoFillSearchBar":""}}}[0m
2022-10-20 15:52:13.407 -0400 [debug] ([34miframe.js[0m) [31mResponding to product with {"configs":{"answersUrl":"https://telco-wireless-agent-desktop-view.yextdemos.com.pagescdn.com/","autoFillSearchBar":""},"displayName":"Yext Search for Freshservice","product":{"freshservice":{"location":{"full_page_app":{"url":"index.html","icon":"styles/images/Yext_Seal_White.svg"},"ticket_sidebar":{"url":"index.html","icon":"styles/images/Yext_Seal_Black.svg"},"new_ticket_sidebar":{"url":"index.html","icon":"styles/images/Yext_Seal_Black.svg"},"ticket_top_navigation":{"url":"index.html","icon":"styles/images/Yext_Seal_Black.svg"},"new_change_sidebar":{"url":"index.html","icon":"styles/images/Yext_Seal_Black.svg"}}}},"features":["db"],"actions":false,"omni":false,"products":["freshservice"],"platform":"2.1","v2":[{"id":1,"version_id":1,"configs":{"answersUrl":"https://telco-wireless-agent-desktop-view.yextdemos.com.pagescdn.com/","autoFillSearchBar":""},"displayName":"Yext Search for Freshservice","placeholders":{"full_page_app":{"url":"http://localhost:10001/iframe/index.html","icon":"styles/images/Yext_Seal_White.svg"},"ticket_sidebar":{"url":"http://localhost:10001/iframe/index.html","icon":"styles/images/Yext_Seal_Black.svg"},"new_ticket_sidebar":{"url":"http://localhost:10001/iframe/index.html","icon":"styles/images/Yext_Seal_Black.svg"},"ticket_top_navigation":{"url":"http://localhost:10001/iframe/index.html","icon":"styles/images/Yext_Seal_Black.svg"},"new_change_sidebar":{"url":"http://localhost:10001/iframe/index.html","icon":"styles/images/Yext_Seal_Black.svg"}}}]}[0m
2022-10-20 15:52:13.410 -0400 [debug] ([34mdata-util.js[0m) [31mRead {"yext_s_101_101_freshservice":{"yext_s_101_101_custom_iparams":{"answersUrl":"https://telco-wireless-agent-desktop-view.yextdemos.com.pagescdn.com/","autoFillSearchBar":""}}}[0m
2022-10-20 15:52:13.410 -0400 [debug] ([34mdata-util.js[0m) [31mRead {"yext_s_101_101_freshservice":{"yext_s_101_101_custom_iparams":{"answersUrl":"https://telco-wireless-agent-desktop-view.yextdemos.com.pagescdn.com/","autoFillSearchBar":""}}}[0m
2022-10-20 15:52:13.410 -0400 [debug] ([34miframe.js[0m) [31mResponding to product with {"configs":{"answersUrl":"https://telco-wireless-agent-desktop-view.yextdemos.com.pagescdn.com/","autoFillSearchBar":""},"displayName":"Yext Search for Freshservice","product":{"freshservice":{"location":{"full_page_app":{"url":"index.html","icon":"styles/images/Yext_Seal_White.svg"},"ticket_sidebar":{"url":"index.html","icon":"styles/images/Yext_Seal_Black.svg"},"new_ticket_sidebar":{"url":"index.html","icon":"styles/images/Yext_Seal_Black.svg"},"ticket_top_navigation":{"url":"index.html","icon":"styles/images/Yext_Seal_Black.svg"},"new_change_sidebar":{"url":"index.html","icon":"styles/images/Yext_Seal_Black.svg"}}}},"features":["db"],"actions":false,"omni":false,"products":["freshservice"],"platform":"2.1","v2":[{"id":1,"version_id":1,"configs":{"answersUrl":"https://telco-wireless-agent-desktop-view.yextdemos.com.pagescdn.com/","autoFillSearchBar":""},"displayName":"Yext Search for Freshservice","placeholders":{"full_page_app":{"url":"http://localhost:10001/iframe/index.html","icon":"styles/images/Yext_Seal_White.svg"},"ticket_sidebar":{"url":"http://localhost:10001/iframe/index.html","icon":"styles/images/Yext_Seal_Black.svg"},"new_ticket_sidebar":{"url":"http://localhost:10001/iframe/index.html","icon":"styles/images/Yext_Seal_Black.svg"},"ticket_top_navigation":{"url":"http://localhost:10001/iframe/index.html","icon":"styles/images/Yext_Seal_Black.svg"},"new_change_sidebar":{"url":"http://localhost:10001/iframe/index.html","icon":"styles/images/Yext_Seal_Black.svg"}}}]}[0m
2022-10-20 15:52:13.862 -0400 [debug] ([34miframe.js[0m) [31mResponding with contents of /index.html[0m
2022-10-20 15:52:13.864 -0400 [debug] ([34miframe.js[0m) [31mResponding with contents of /index.html[0m
2022-10-20 15:52:13.883 -0400 [debug] ([34miframe.js[0m) [31mResponding with contents of /scripts/app.js[0m
2022-10-20 15:52:13.884 -0400 [debug] ([34mcoverage-util.js[0m) [31mInstrumenting /Users/hkremer/Documents/Yext-Search-for-Freshservice/Yext Search for Freshservice/app/scripts/app.js[0m
2022-10-20 15:52:13.941 -0400 [debug] ([34miframe.js[0m) [31mResponding with contents of /scripts/app.js[0m
2022-10-20 15:52:13.941 -0400 [debug] ([34mcoverage-util.js[0m) [31mInstrumenting /Users/hkremer/Documents/Yext-Search-for-Freshservice/Yext Search for Freshservice/app/scripts/app.js[0m
2022-10-20 15:52:13.966 -0400 [debug] ([34miframe.js[0m) [31mResponding with contents of /scripts/app.js[0m
2022-10-20 15:52:13.968 -0400 [debug] ([34mcoverage-util.js[0m) [31mInstrumenting /Users/hkremer/Documents/Yext-Search-for-Freshservice/Yext Search for Freshservice/app/scripts/app.js[0m
2022-10-20 15:52:14.020 -0400 [debug] ([34miframe.js[0m) [31mResponding with contents of /scripts/app.js[0m
2022-10-20 15:52:14.020 -0400 [debug] ([34mcoverage-util.js[0m) [31mInstrumenting /Users/hkremer/Documents/Yext-Search-for-Freshservice/Yext Search for Freshservice/app/scripts/app.js[0m
2022-10-20 15:52:15.417 -0400 [debug] ([34miframe.js[0m) [31mResponding with contents of /index.html[0m
2022-10-20 15:52:15.419 -0400 [debug] ([34miframe.js[0m) [31mResponding with contents of /index.html[0m
2022-10-20 15:52:15.445 -0400 [debug] ([34miframe.js[0m) [31mResponding with contents of /scripts/app.js[0m
2022-10-20 15:52:15.448 -0400 [debug] ([34mcoverage-util.js[0m) [31mInstrumenting /Users/hkremer/Documents/Yext-Search-for-Freshservice/Yext Search for Freshservice/app/scripts/app.js[0m
2022-10-20 15:52:15.513 -0400 [debug] ([34miframe.js[0m) [31mResponding with contents of /scripts/app.js[0m
2022-10-20 15:52:15.513 -0400 [debug] ([34mcoverage-util.js[0m) [31mInstrumenting /Users/hkremer/Documents/Yext-Search-for-Freshservice/Yext Search for Freshservice/app/scripts/app.js[0m
2022-10-20 15:52:15.531 -0400 [debug] ([34miframe.js[0m) [31mResponding with contents of /scripts/app.js[0m
2022-10-20 15:52:15.531 -0400 [debug] ([34mcoverage-util.js[0m) [31mInstrumenting /Users/hkremer/Documents/Yext-Search-for-Freshservice/Yext Search for Freshservice/app/scripts/app.js[0m
2022-10-20 15:52:15.549 -0400 [debug] ([34miframe.js[0m) [31mResponding with contents of /scripts/app.js[0m
2022-10-20 15:52:15.550 -0400 [debug] ([34mcoverage-util.js[0m) [31mInstrumenting /Users/hkremer/Documents/Yext-Search-for-Freshservice/Yext Search for Freshservice/app/scripts/app.js[0m
2022-10-20 15:52:17.583 -0400 [debug] ([34mcoverage-util.js[0m) [31mWriting coverage.[0m
2022-10-20 15:52:17.594 -0400 [debug] ([34mcoverage-util.js[0m) [31mWriting coverage.[0m
2022-10-20 15:52:19.496 -0400 [debug] ([34mcoverage-util.js[0m) [31mWriting coverage.[0m
2022-10-20 15:52:19.591 -0400 [debug] ([34mcoverage-util.js[0m) [31mWriting coverage.[0m
2022-10-20 15:52:23.502 -0400 [debug] ([34mcoverage-util.js[0m) [31mWriting coverage.[0m
2022-10-20 15:52:29.498 -0400 [debug] ([34mcoverage-util.js[0m) [31mWriting coverage.[0m
2022-10-20 15:52:31.722 -0400 [debug] ([34mcoverage-util.js[0m) [31mWriting coverage.[0m
2022-10-20 15:52:54.708 -0400 [debug] ([34mdata-util.js[0m) [31mRead {"yext_s_101_101_freshservice":{"yext_s_101_101_custom_iparams":{"answersUrl":"https://telco-wireless-agent-desktop-view.yextdemos.com.pagescdn.com/","autoFillSearchBar":""}}}[0m
2022-10-20 15:52:54.708 -0400 [debug] ([34mdata-util.js[0m) [31mRead {"yext_s_101_101_freshservice":{"yext_s_101_101_custom_iparams":{"answersUrl":"https://telco-wireless-agent-desktop-view.yextdemos.com.pagescdn.com/","autoFillSearchBar":""}}}[0m
2022-10-20 15:52:54.709 -0400 [debug] ([34miframe.js[0m) [31mResponding to product with {"configs":{"answersUrl":"https://telco-wireless-agent-desktop-view.yextdemos.com.pagescdn.com/","autoFillSearchBar":""},"displayName":"Yext Search for Freshservice","product":{"freshservice":{"location":{"full_page_app":{"url":"index.html","icon":"styles/images/Yext_Seal_White.svg"},"ticket_sidebar":{"url":"index.html","icon":"styles/images/Yext_Seal_Black.svg"},"new_ticket_sidebar":{"url":"index.html","icon":"styles/images/Yext_Seal_Black.svg"},"ticket_top_navigation":{"url":"index.html","icon":"styles/images/Yext_Seal_Black.svg"},"new_change_sidebar":{"url":"index.html","icon":"styles/images/Yext_Seal_Black.svg"}}}},"features":["db"],"actions":false,"omni":false,"products":["freshservice"],"platform":"2.1","v2":[{"id":1,"version_id":1,"configs":{"answersUrl":"https://telco-wireless-agent-desktop-view.yextdemos.com.pagescdn.com/","autoFillSearchBar":""},"displayName":"Yext Search for Freshservice","placeholders":{"full_page_app":{"url":"http://localhost:10001/iframe/index.html","icon":"styles/images/Yext_Seal_White.svg"},"ticket_sidebar":{"url":"http://localhost:10001/iframe/index.html","icon":"styles/images/Yext_Seal_Black.svg"},"new_ticket_sidebar":{"url":"http://localhost:10001/iframe/index.html","icon":"styles/images/Yext_Seal_Black.svg"},"ticket_top_navigation":{"url":"http://localhost:10001/iframe/index.html","icon":"styles/images/Yext_Seal_Black.svg"},"new_change_sidebar":{"url":"http://localhost:10001/iframe/index.html","icon":"styles/images/Yext_Seal_Black.svg"}}}]}[0m
2022-10-20 15:52:54.711 -0400 [debug] ([34mdata-util.js[0m) [31mRead {"yext_s_101_101_freshservice":{"yext_s_101_101_custom_iparams":{"answersUrl":"https://telco-wireless-agent-desktop-view.yextdemos.com.pagescdn.com/","autoFillSearchBar":""}}}[0m
2022-10-20 15:52:54.712 -0400 [debug] ([34mdata-util.js[0m) [31mRead {"yext_s_101_101_freshservice":{"yext_s_101_101_custom_iparams":{"answersUrl":"https://telco-wireless-agent-desktop-view.yextdemos.com.pagescdn.com/","autoFillSearchBar":""}}}[0m
2022-10-20 15:52:54.712 -0400 [debug] ([34miframe.js[0m) [31mResponding to product with {"configs":{"answersUrl":"https://telco-wireless-agent-desktop-view.yextdemos.com.pagescdn.com/","autoFillSearchBar":""},"displayName":"Yext Search for Freshservice","product":{"freshservice":{"location":{"full_page_app":{"url":"index.html","icon":"styles/images/Yext_Seal_White.svg"},"ticket_sidebar":{"url":"index.html","icon":"styles/images/Yext_Seal_Black.svg"},"new_ticket_sidebar":{"url":"index.html","icon":"styles/images/Yext_Seal_Black.svg"},"ticket_top_navigation":{"url":"index.html","icon":"styles/images/Yext_Seal_Black.svg"},"new_change_sidebar":{"url":"index.html","icon":"styles/images/Yext_Seal_Black.svg"}}}},"features":["db"],"actions":false,"omni":false,"products":["freshservice"],"platform":"2.1","v2":[{"id":1,"version_id":1,"configs":{"answersUrl":"https://telco-wireless-agent-desktop-view.yextdemos.com.pagescdn.com/","autoFillSearchBar":""},"displayName":"Yext Search for Freshservice","placeholders":{"full_page_app":{"url":"http://localhost:10001/iframe/index.html","icon":"styles/images/Yext_Seal_White.svg"},"ticket_sidebar":{"url":"http://localhost:10001/iframe/index.html","icon":"styles/images/Yext_Seal_Black.svg"},"new_ticket_sidebar":{"url":"http://localhost:10001/iframe/index.html","icon":"styles/images/Yext_Seal_Black.svg"},"ticket_top_navigation":{"url":"http://localhost:10001/iframe/index.html","icon":"styles/images/Yext_Seal_Black.svg"},"new_change_sidebar":{"url":"http://localhost:10001/iframe/index.html","icon":"styles/images/Yext_Seal_Black.svg"}}}]}[0m
2022-10-20 15:53:29.581 -0400 [debug] ([34mdata-util.js[0m) [31mRead {"yext_s_101_101_freshservice":{"yext_s_101_101_custom_iparams":{"answersUrl":"https://telco-wireless-agent-desktop-view.yextdemos.com.pagescdn.com/","autoFillSearchBar":""}}}[0m
2022-10-20 15:53:29.581 -0400 [debug] ([34mdata-util.js[0m) [31mRead {"yext_s_101_101_freshservice":{"yext_s_101_101_custom_iparams":{"answersUrl":"https://telco-wireless-agent-desktop-view.yextdemos.com.pagescdn.com/","autoFillSearchBar":""}}}[0m
2022-10-20 15:53:29.582 -0400 [debug] ([34miframe.js[0m) [31mResponding to product with {"configs":{"answersUrl":"https://telco-wireless-agent-desktop-view.yextdemos.com.pagescdn.com/","autoFillSearchBar":""},"displayName":"Yext Search for Freshservice","product":{"freshservice":{"location":{"full_page_app":{"url":"index.html","icon":"styles/images/Yext_Seal_White.svg"},"ticket_sidebar":{"url":"index.html","icon":"styles/images/Yext_Seal_Black.svg"},"new_ticket_sidebar":{"url":"index.html","icon":"styles/images/Yext_Seal_Black.svg"},"ticket_top_navigation":{"url":"index.html","icon":"styles/images/Yext_Seal_Black.svg"},"new_change_sidebar":{"url":"index.html","icon":"styles/images/Yext_Seal_Black.svg"}}}},"features":["db"],"actions":false,"omni":false,"products":["freshservice"],"platform":"2.1","v2":[{"id":1,"version_id":1,"configs":{"answersUrl":"https://telco-wireless-agent-desktop-view.yextdemos.com.pagescdn.com/","autoFillSearchBar":""},"displayName":"Yext Search for Freshservice","placeholders":{"full_page_app":{"url":"http://localhost:10001/iframe/index.html","icon":"styles/images/Yext_Seal_White.svg"},"ticket_sidebar":{"url":"http://localhost:10001/iframe/index.html","icon":"styles/images/Yext_Seal_Black.svg"},"new_ticket_sidebar":{"url":"http://localhost:10001/iframe/index.html","icon":"styles/images/Yext_Seal_Black.svg"},"ticket_top_navigation":{"url":"http://localhost:10001/iframe/index.html","icon":"styles/images/Yext_Seal_Black.svg"},"new_change_sidebar":{"url":"http://localhost:10001/iframe/index.html","icon":"styles/images/Yext_Seal_Black.svg"}}}]}[0m
2022-10-20 15:53:29.584 -0400 [debug] ([34mdata-util.js[0m) [31mRead {"yext_s_101_101_freshservice":{"yext_s_101_101_custom_iparams":{"answersUrl":"https://telco-wireless-agent-desktop-view.yextdemos.com.pagescdn.com/","autoFillSearchBar":""}}}[0m
2022-10-20 15:53:29.584 -0400 [debug] ([34mdata-util.js[0m) [31mRead {"yext_s_101_101_freshservice":{"yext_s_101_101_custom_iparams":{"answersUrl":"https://telco-wireless-agent-desktop-view.yextdemos.com.pagescdn.com/","autoFillSearchBar":""}}}[0m
2022-10-20 15:53:29.585 -0400 [debug] ([34miframe.js[0m) [31mResponding to product with {"configs":{"answersUrl":"https://telco-wireless-agent-desktop-view.yextdemos.com.pagescdn.com/","autoFillSearchBar":""},"displayName":"Yext Search for Freshservice","product":{"freshservice":{"location":{"full_page_app":{"url":"index.html","icon":"styles/images/Yext_Seal_White.svg"},"ticket_sidebar":{"url":"index.html","icon":"styles/images/Yext_Seal_Black.svg"},"new_ticket_sidebar":{"url":"index.html","icon":"styles/images/Yext_Seal_Black.svg"},"ticket_top_navigation":{"url":"index.html","icon":"styles/images/Yext_Seal_Black.svg"},"new_change_sidebar":{"url":"index.html","icon":"styles/images/Yext_Seal_Black.svg"}}}},"features":["db"],"actions":false,"omni":false,"products":["freshservice"],"platform":"2.1","v2":[{"id":1,"version_id":1,"configs":{"answersUrl":"https://telco-wireless-agent-desktop-view.yextdemos.com.pagescdn.com/","autoFillSearchBar":""},"displayName":"Yext Search for Freshservice","placeholders":{"full_page_app":{"url":"http://localhost:10001/iframe/index.html","icon":"styles/images/Yext_Seal_White.svg"},"ticket_sidebar":{"url":"http://localhost:10001/iframe/index.html","icon":"styles/images/Yext_Seal_Black.svg"},"new_ticket_sidebar":{"url":"http://localhost:10001/iframe/index.html","icon":"styles/images/Yext_Seal_Black.svg"},"ticket_top_navigation":{"url":"http://localhost:10001/iframe/index.html","icon":"styles/images/Yext_Seal_Black.svg"},"new_change_sidebar":{"url":"http://localhost:10001/iframe/index.html","icon":"styles/images/Yext_Seal_Black.svg"}}}]}[0m
2022-10-20 15:53:29.723 -0400 [debug] ([34miframe.js[0m) [31mResponding with contents of /index.html[0m
2022-10-20 15:53:29.741 -0400 [debug] ([34miframe.js[0m) [31mResponding with contents of /scripts/app.js[0m
2022-10-20 15:53:29.742 -0400 [debug] ([34mcoverage-util.js[0m) [31mInstrumenting /Users/hkremer/Documents/Yext-Search-for-Freshservice/Yext Search for Freshservice/app/scripts/app.js[0m
2022-10-20 15:53:29.801 -0400 [debug] ([34miframe.js[0m) [31mResponding with contents of /scripts/app.js[0m
2022-10-20 15:53:29.803 -0400 [debug] ([34mcoverage-util.js[0m) [31mInstrumenting /Users/hkremer/Documents/Yext-Search-for-Freshservice/Yext Search for Freshservice/app/scripts/app.js[0m
2022-10-20 15:53:31.791 -0400 [debug] ([34mcoverage-util.js[0m) [31mWriting coverage.[0m
2022-10-20 15:53:33.794 -0400 [debug] ([34mcoverage-util.js[0m) [31mWriting coverage.[0m
2022-10-20 15:53:39.792 -0400 [debug] ([34mcoverage-util.js[0m) [31mWriting coverage.[0m
2022-10-20 15:54:18.426 -0400 [debug] ([34mmanifest.js[0m) [31mError while parsing manifest file Unexpected end of JSON input[0m
2022-10-20 16:34:25.433 -0400 [debug] ([34mlogger.js[0m) [31mStarting FDK in node v16.16.0 on darwin[0m
2022-10-20 16:34:26.784 -0400 [debug] ([34msequelize.js[0m) [31msetting up sqilite at "/Users/hkremer/Documents/Yext-Search-for-Freshservice/Yext Search for Freshservice/.fdk/store.sqlite"[0m
2022-10-20 16:34:26.964 -0400 [debug] ([34mindex.js[0m) [31mRunning with args {"cmd":"run","gopts":{},"opts":{},"goptArg":{},"optArg":{},"args":[]}[0m
2022-10-20 16:34:26.965 -0400 [debug] ([34mdata-util.js[0m) [31mRead {"version_details":{"fdkCli":{"version":"6.13.2","dl":"https://dl.freshdev.io/cli/fdk-6.13.2.tgz","cmd":"npm install https://dl.freshdev.io/cli/fdk-6.13.2.tgz -g"},"addon":{"version":"1.9.10","dl":"https://dl.freshdev.io/cli-addon/addon-1.9.10.zip"},"forced_versions":["4.3.6"]},"last_updated":{"time_stamp":1666293558768}}[0m
2022-10-20 16:34:26.966 -0400 [debug] ([34mdata-util.js[0m) [31mRead {"version_details":{"fdkCli":{"version":"6.13.2","dl":"https://dl.freshdev.io/cli/fdk-6.13.2.tgz","cmd":"npm install https://dl.freshdev.io/cli/fdk-6.13.2.tgz -g"},"addon":{"version":"1.9.10","dl":"https://dl.freshdev.io/cli-addon/addon-1.9.10.zip"},"forced_versions":["4.3.6"]},"last_updated":{"time_stamp":1666293558768}}[0m
2022-10-20 16:34:26.966 -0400 [debug] ([34mupdater.js[0m) [31mCheck interval not met, skipping addon update[0m
2022-10-20 16:34:27.217 -0400 [debug] ([34mmanifest.js[0m) [31mReloading manifest with {"platform-version":"2.1","product":{"freshservice":{"location":{"full_page_app":{"url":"index.html","icon":"styles/images/Yext_Seal_White.svg"},"ticket_sidebar":{"url":"index.html","icon":"styles/images/Yext_Seal_Black.svg"},"new_ticket_sidebar":{"url":"index.html","icon":"styles/images/Yext_Seal_Black.svg"},"change_sidebar":{"url":"index.html","icon":"styles/images/Yext_Seal_Black.svg"},"new_change_sidebar":{"url":"index.html","icon":"styles/images/Yext_Seal_Black.svg"}}}},"whitelisted-domains":[]}.[0m
2022-10-20 16:34:27.218 -0400 [debug] ([34mmanifest.js[0m) [31mInferred db as features.[0m
2022-10-20 16:34:27.220 -0400 [debug] ([34mdata-util.js[0m) [31mRead {"version_details":{"fdkCli":{"version":"6.13.2","dl":"https://dl.freshdev.io/cli/fdk-6.13.2.tgz","cmd":"npm install https://dl.freshdev.io/cli/fdk-6.13.2.tgz -g"},"addon":{"version":"1.9.10","dl":"https://dl.freshdev.io/cli-addon/addon-1.9.10.zip"},"forced_versions":["4.3.6"]},"last_updated":{"time_stamp":1666293558768}}[0m
2022-10-20 16:34:27.234 -0400 [debug] ([34mdata-util.js[0m) [31mRead {"version_details":{"fdkCli":{"version":"6.13.2","dl":"https://dl.freshdev.io/cli/fdk-6.13.2.tgz","cmd":"npm install https://dl.freshdev.io/cli/fdk-6.13.2.tgz -g"},"addon":{"version":"1.9.10","dl":"https://dl.freshdev.io/cli-addon/addon-1.9.10.zip"},"forced_versions":["4.3.6"]},"last_updated":{"time_stamp":1666293558768}}[0m
2022-10-20 16:34:28.759 -0400 [debug] ([34mdata-util.js[0m) [31mRead {"version_details":{"fdkCli":{"version":"6.13.2","dl":"https://dl.freshdev.io/cli/fdk-6.13.2.tgz","cmd":"npm install https://dl.freshdev.io/cli/fdk-6.13.2.tgz -g"},"addon":{"version":"1.9.10","dl":"https://dl.freshdev.io/cli-addon/addon-1.9.10.zip"},"forced_versions":["4.3.6"]},"last_updated":{"time_stamp":1666293558768}}[0m
2022-10-20 16:34:29.592 -0400 [debug] ([34mvalidate.js[0m) [31masked to skip the following validations, [0m
2022-10-20 16:34:29.592 -0400 [debug] ([34mvalidate.js[0m) [31mrunning validator actions[0m
2022-10-20 16:34:29.593 -0400 [debug] ([34mvalidate.js[0m) [31mrunning validator app-dir[0m
2022-10-20 16:34:29.594 -0400 [debug] ([34mvalidate.js[0m) [31mrunning validator config-dir[0m
2022-10-20 16:34:29.594 -0400 [debug] ([34mconfig-dir.js[0m) [31mChecking to see if /Users/hkremer/Documents/Yext-Search-for-Freshservice/Yext Search for Freshservice/config/ exists.[0m
2022-10-20 16:34:29.595 -0400 [debug] ([34mconfig-dir.js[0m) [31mFetched the following config files iparams.json[0m
2022-10-20 16:34:29.595 -0400 [debug] ([34mvalidate.js[0m) [31mrunning validator custom-objects[0m
2022-10-20 16:34:29.595 -0400 [debug] ([34mvalidate.js[0m) [31mrunning validator event[0m
2022-10-20 16:34:29.595 -0400 [debug] ([34mvalidate.js[0m) [31mrunning validator iparam[0m
2022-10-20 16:34:29.598 -0400 [debug] ([34mvalidate.js[0m) [31mskipping validator lint[0m
2022-10-20 16:34:29.598 -0400 [debug] ([34mvalidate.js[0m) [31mrunning validator manifest[0m
2022-10-20 16:34:29.599 -0400 [debug] ([34mmanifest.js[0m) [31mChoosing Default validator[0m
2022-10-20 16:34:29.600 -0400 [warn] 
        [33m[WARN][0m We recommend to move to platform version 2.2 as we plan to deprecate the previous versions soon.
        Please refer https://community.developers.freshworks.com/t/how-to-migrate-to-platform-version-2-2/3443 to know more details

2022-10-20 16:34:29.603 -0400 [debug] ([34mvalidate.js[0m) [31mskipping validator manifest-dependency[0m
2022-10-20 16:34:29.603 -0400 [debug] ([34mvalidate.js[0m) [31mrunning validator oauth[0m
2022-10-20 16:34:29.603 -0400 [debug] ([34mvalidate.js[0m) [31mskipping validator pkgsize[0m
2022-10-20 16:34:29.603 -0400 [debug] ([34mvalidate.js[0m) [31mrunning validator schema[0m
2022-10-20 16:34:29.607 -0400 [debug] ([34mwatcher.js[0m) [31mPreparing to watch the following files ./app,./config,./manifest.json[0m
2022-10-20 16:34:29.616 -0400 [debug] ([34mdata-util.js[0m) [31mRead {"yext_s_101_101_freshservice":{"yext_s_101_101_custom_iparams":{"answersUrl":"https://telco-wireless-agent-desktop-view.yextdemos.com.pagescdn.com/","autoFillSearchBar":""}}}[0m
2022-10-20 16:34:29.616 -0400 [debug] ([34mcustom-objects.js[0m) [31mto force or not? false[0m
2022-10-20 16:34:29.616 -0400 [debug] ([34mcustom-objects.js[0m) [31mbeginning to re-sync db[0m
2022-10-20 16:34:29.763 -0400 [debug] ([34mindex.js[0m) [31mloading model at "/usr/local/lib/node_modules/fdk/lib/models/bigint-pivot.js"[0m
2022-10-20 16:34:29.765 -0400 [debug] ([34mindex.js[0m) [31mloading model at "/usr/local/lib/node_modules/fdk/lib/models/entity-field-choice.js"[0m
2022-10-20 16:34:29.765 -0400 [debug] ([34mindex.js[0m) [31mloading model at "/usr/local/lib/node_modules/fdk/lib/models/entity-field.js"[0m
2022-10-20 16:34:29.766 -0400 [debug] ([34mindex.js[0m) [31mloading model at "/usr/local/lib/node_modules/fdk/lib/models/entity.js"[0m
2022-10-20 16:34:29.767 -0400 [debug] ([34mindex.js[0m) [31mloading model at "/usr/local/lib/node_modules/fdk/lib/models/record.js"[0m
2022-10-20 16:34:29.768 -0400 [debug] ([34mindex.js[0m) [31mloading model at "/usr/local/lib/node_modules/fdk/lib/models/string-pivot.js"[0m
2022-10-20 16:34:29.784 -0400 [debug] ([34mdata-util.js[0m) [31mRead {"yext_s_101_101_freshservice":{"yext_s_101_101_custom_iparams":{"answersUrl":"https://telco-wireless-agent-desktop-view.yextdemos.com.pagescdn.com/","autoFillSearchBar":""}}}[0m
2022-10-20 16:34:29.786 -0400 [debug] ([34mcustom-objects.js[0m) [31mupdated local store with latest entity hash[0m
2022-10-20 16:34:29.786 -0400 [info] Starting local testing server at http://*:10001/    
Append 'dev=true' to your Freshservice account URL to start testing    
e.g. https://domain.freshservice.com/helpdesk/tickets/1?dev=true    
Quit the server with Control-C.
2022-10-20 16:34:29.787 -0400 [info] To test the installation page, visit - http://localhost:10001/custom_configs
2022-10-20 16:34:30.923 -0400 [debug] ([34mdata-util.js[0m) [31mRead {"yext_s_101_101_freshservice":{"yext_s_101_101_custom_iparams":{"answersUrl":"https://telco-wireless-agent-desktop-view.yextdemos.com.pagescdn.com/","autoFillSearchBar":""}}}[0m
2022-10-20 16:34:36.830 -0400 [debug] ([34miframe.js[0m) [31mResponding with contents of /index.html[0m
2022-10-20 16:34:36.839 -0400 [debug] ([34miframe.js[0m) [31mResponding with contents of /index.html[0m
2022-10-20 16:34:36.939 -0400 [debug] ([34miframe.js[0m) [31mResponding with contents of /scripts/app.js[0m
2022-10-20 16:34:36.940 -0400 [debug] ([34mcoverage-util.js[0m) [31mInstrumenting /Users/hkremer/Documents/Yext-Search-for-Freshservice/Yext Search for Freshservice/app/scripts/app.js[0m
2022-10-20 16:34:37.238 -0400 [debug] ([34miframe.js[0m) [31mResponding with contents of /scripts/app.js[0m
2022-10-20 16:34:37.239 -0400 [debug] ([34mcoverage-util.js[0m) [31mInstrumenting /Users/hkremer/Documents/Yext-Search-for-Freshservice/Yext Search for Freshservice/app/scripts/app.js[0m
2022-10-20 16:34:37.437 -0400 [debug] ([34miframe.js[0m) [31mResponding with contents of /scripts/app.js[0m
2022-10-20 16:34:37.437 -0400 [debug] ([34mcoverage-util.js[0m) [31mInstrumenting /Users/hkremer/Documents/Yext-Search-for-Freshservice/Yext Search for Freshservice/app/scripts/app.js[0m
2022-10-20 16:34:39.348 -0400 [debug] ([34mcoverage-util.js[0m) [31mWriting coverage.[0m
2022-10-20 16:34:39.406 -0400 [debug] ([34mcoverage-util.js[0m) [31mWriting coverage.[0m
2022-10-20 16:34:41.296 -0400 [debug] ([34miframe.js[0m) [31mResponding with contents of /index.html[0m
2022-10-20 16:34:41.375 -0400 [debug] ([34miframe.js[0m) [31mResponding with contents of /scripts/app.js[0m
2022-10-20 16:34:41.376 -0400 [debug] ([34mcoverage-util.js[0m) [31mInstrumenting /Users/hkremer/Documents/Yext-Search-for-Freshservice/Yext Search for Freshservice/app/scripts/app.js[0m
2022-10-20 16:34:41.457 -0400 [debug] ([34miframe.js[0m) [31mResponding with contents of /scripts/app.js[0m
2022-10-20 16:34:41.457 -0400 [debug] ([34mcoverage-util.js[0m) [31mInstrumenting /Users/hkremer/Documents/Yext-Search-for-Freshservice/Yext Search for Freshservice/app/scripts/app.js[0m
2022-10-20 16:34:43.459 -0400 [debug] ([34mcoverage-util.js[0m) [31mWriting coverage.[0m
2022-10-20 16:34:45.221 -0400 [debug] ([34miframe.js[0m) [31mResponding with contents of /index.html[0m
2022-10-20 16:34:45.232 -0400 [debug] ([34miframe.js[0m) [31mResponding with contents of /scripts/app.js[0m
2022-10-20 16:34:45.233 -0400 [debug] ([34mcoverage-util.js[0m) [31mInstrumenting /Users/hkremer/Documents/Yext-Search-for-Freshservice/Yext Search for Freshservice/app/scripts/app.js[0m
2022-10-20 16:34:45.266 -0400 [debug] ([34miframe.js[0m) [31mResponding with contents of /index.html[0m
2022-10-20 16:34:45.283 -0400 [debug] ([34miframe.js[0m) [31mResponding with contents of /scripts/app.js[0m
2022-10-20 16:34:45.284 -0400 [debug] ([34mcoverage-util.js[0m) [31mInstrumenting /Users/hkremer/Documents/Yext-Search-for-Freshservice/Yext Search for Freshservice/app/scripts/app.js[0m
2022-10-20 16:34:45.341 -0400 [debug] ([34miframe.js[0m) [31mResponding with contents of /scripts/app.js[0m
2022-10-20 16:34:45.342 -0400 [debug] ([34mcoverage-util.js[0m) [31mInstrumenting /Users/hkremer/Documents/Yext-Search-for-Freshservice/Yext Search for Freshservice/app/scripts/app.js[0m
2022-10-20 16:34:45.377 -0400 [debug] ([34miframe.js[0m) [31mResponding with contents of /index.html[0m
2022-10-20 16:34:45.380 -0400 [debug] ([34miframe.js[0m) [31mResponding with contents of /index.html[0m
2022-10-20 16:34:45.391 -0400 [debug] ([34miframe.js[0m) [31mResponding with contents of /scripts/app.js[0m
2022-10-20 16:34:45.392 -0400 [debug] ([34mcoverage-util.js[0m) [31mInstrumenting /Users/hkremer/Documents/Yext-Search-for-Freshservice/Yext Search for Freshservice/app/scripts/app.js[0m
2022-10-20 16:34:45.426 -0400 [debug] ([34miframe.js[0m) [31mResponding with contents of /scripts/app.js[0m
2022-10-20 16:34:45.426 -0400 [debug] ([34mcoverage-util.js[0m) [31mInstrumenting /Users/hkremer/Documents/Yext-Search-for-Freshservice/Yext Search for Freshservice/app/scripts/app.js[0m
2022-10-20 16:34:45.467 -0400 [debug] ([34miframe.js[0m) [31mResponding with contents of /index.html[0m
2022-10-20 16:34:45.489 -0400 [debug] ([34miframe.js[0m) [31mResponding with contents of /scripts/app.js[0m
2022-10-20 16:34:45.490 -0400 [debug] ([34mcoverage-util.js[0m) [31mInstrumenting /Users/hkremer/Documents/Yext-Search-for-Freshservice/Yext Search for Freshservice/app/scripts/app.js[0m
2022-10-20 16:34:45.515 -0400 [debug] ([34miframe.js[0m) [31mResponding with contents of /index.html[0m
2022-10-20 16:34:45.546 -0400 [debug] ([34miframe.js[0m) [31mResponding with contents of /scripts/app.js[0m
2022-10-20 16:34:45.547 -0400 [debug] ([34mcoverage-util.js[0m) [31mInstrumenting /Users/hkremer/Documents/Yext-Search-for-Freshservice/Yext Search for Freshservice/app/scripts/app.js[0m
2022-10-20 16:34:45.583 -0400 [debug] ([34miframe.js[0m) [31mResponding with contents of /index.html[0m
2022-10-20 16:34:45.587 -0400 [debug] ([34miframe.js[0m) [31mResponding with contents of /index.html[0m
2022-10-20 16:34:45.605 -0400 [debug] ([34miframe.js[0m) [31mResponding with contents of /scripts/app.js[0m
2022-10-20 16:34:45.607 -0400 [debug] ([34mcoverage-util.js[0m) [31mInstrumenting /Users/hkremer/Documents/Yext-Search-for-Freshservice/Yext Search for Freshservice/app/scripts/app.js[0m
2022-10-20 16:34:45.655 -0400 [debug] ([34miframe.js[0m) [31mResponding with contents of /index.html[0m
2022-10-20 16:34:45.665 -0400 [debug] ([34miframe.js[0m) [31mResponding with contents of /scripts/app.js[0m
2022-10-20 16:34:45.666 -0400 [debug] ([34mcoverage-util.js[0m) [31mInstrumenting /Users/hkremer/Documents/Yext-Search-for-Freshservice/Yext Search for Freshservice/app/scripts/app.js[0m
2022-10-20 16:34:45.698 -0400 [debug] ([34miframe.js[0m) [31mResponding with contents of /scripts/app.js[0m
2022-10-20 16:34:45.698 -0400 [debug] ([34mcoverage-util.js[0m) [31mInstrumenting /Users/hkremer/Documents/Yext-Search-for-Freshservice/Yext Search for Freshservice/app/scripts/app.js[0m
2022-10-20 16:34:45.726 -0400 [debug] ([34miframe.js[0m) [31mResponding with contents of /index.html[0m
2022-10-20 16:34:45.768 -0400 [debug] ([34miframe.js[0m) [31mResponding with contents of /index.html[0m
2022-10-20 16:34:45.782 -0400 [debug] ([34miframe.js[0m) [31mResponding with contents of /scripts/app.js[0m
2022-10-20 16:34:45.792 -0400 [debug] ([34mcoverage-util.js[0m) [31mInstrumenting /Users/hkremer/Documents/Yext-Search-for-Freshservice/Yext Search for Freshservice/app/scripts/app.js[0m
2022-10-20 16:34:45.823 -0400 [debug] ([34miframe.js[0m) [31mResponding with contents of /index.html[0m
2022-10-20 16:34:45.883 -0400 [debug] ([34miframe.js[0m) [31mResponding with contents of /scripts/app.js[0m
2022-10-20 16:34:45.884 -0400 [debug] ([34mcoverage-util.js[0m) [31mInstrumenting /Users/hkremer/Documents/Yext-Search-for-Freshservice/Yext Search for Freshservice/app/scripts/app.js[0m
2022-10-20 16:34:45.909 -0400 [debug] ([34miframe.js[0m) [31mResponding with contents of /index.html[0m
2022-10-20 16:34:45.910 -0400 [debug] ([34miframe.js[0m) [31mResponding with contents of /index.html[0m
2022-10-20 16:34:45.922 -0400 [debug] ([34miframe.js[0m) [31mResponding with contents of /scripts/app.js[0m
2022-10-20 16:34:45.923 -0400 [debug] ([34mcoverage-util.js[0m) [31mInstrumenting /Users/hkremer/Documents/Yext-Search-for-Freshservice/Yext Search for Freshservice/app/scripts/app.js[0m
2022-10-20 16:34:45.952 -0400 [debug] ([34miframe.js[0m) [31mResponding with contents of /index.html[0m
2022-10-20 16:34:45.954 -0400 [debug] ([34miframe.js[0m) [31mResponding with contents of /scripts/app.js[0m
2022-10-20 16:34:45.955 -0400 [debug] ([34mcoverage-util.js[0m) [31mInstrumenting /Users/hkremer/Documents/Yext-Search-for-Freshservice/Yext Search for Freshservice/app/scripts/app.js[0m
2022-10-20 16:34:45.979 -0400 [debug] ([34miframe.js[0m) [31mResponding with contents of /scripts/app.js[0m
2022-10-20 16:34:45.980 -0400 [debug] ([34mcoverage-util.js[0m) [31mInstrumenting /Users/hkremer/Documents/Yext-Search-for-Freshservice/Yext Search for Freshservice/app/scripts/app.js[0m
2022-10-20 16:34:46.010 -0400 [debug] ([34miframe.js[0m) [31mResponding with contents of /index.html[0m
2022-10-20 16:34:46.019 -0400 [debug] ([34miframe.js[0m) [31mResponding with contents of /scripts/app.js[0m
2022-10-20 16:34:46.020 -0400 [debug] ([34mcoverage-util.js[0m) [31mInstrumenting /Users/hkremer/Documents/Yext-Search-for-Freshservice/Yext Search for Freshservice/app/scripts/app.js[0m
2022-10-20 16:34:46.046 -0400 [debug] ([34miframe.js[0m) [31mResponding with contents of /index.html[0m
2022-10-20 16:34:46.052 -0400 [debug] ([34miframe.js[0m) [31mResponding with contents of /scripts/app.js[0m
2022-10-20 16:34:46.053 -0400 [debug] ([34mcoverage-util.js[0m) [31mInstrumenting /Users/hkremer/Documents/Yext-Search-for-Freshservice/Yext Search for Freshservice/app/scripts/app.js[0m
2022-10-20 16:34:46.076 -0400 [debug] ([34miframe.js[0m) [31mResponding with contents of /scripts/app.js[0m
2022-10-20 16:34:46.077 -0400 [debug] ([34mcoverage-util.js[0m) [31mInstrumenting /Users/hkremer/Documents/Yext-Search-for-Freshservice/Yext Search for Freshservice/app/scripts/app.js[0m
2022-10-20 16:34:46.101 -0400 [debug] ([34miframe.js[0m) [31mResponding with contents of /index.html[0m
2022-10-20 16:34:46.149 -0400 [debug] ([34miframe.js[0m) [31mResponding with contents of /index.html[0m
2022-10-20 16:34:46.160 -0400 [debug] ([34miframe.js[0m) [31mResponding with contents of /scripts/app.js[0m
2022-10-20 16:34:46.160 -0400 [debug] ([34mcoverage-util.js[0m) [31mInstrumenting /Users/hkremer/Documents/Yext-Search-for-Freshservice/Yext Search for Freshservice/app/scripts/app.js[0m
2022-10-20 16:34:46.183 -0400 [debug] ([34miframe.js[0m) [31mResponding with contents of /index.html[0m
2022-10-20 16:34:46.189 -0400 [debug] ([34miframe.js[0m) [31mResponding with contents of /scripts/app.js[0m
2022-10-20 16:34:46.189 -0400 [debug] ([34mcoverage-util.js[0m) [31mInstrumenting /Users/hkremer/Documents/Yext-Search-for-Freshservice/Yext Search for Freshservice/app/scripts/app.js[0m
2022-10-20 16:34:46.212 -0400 [debug] ([34miframe.js[0m) [31mResponding with contents of /scripts/app.js[0m
2022-10-20 16:34:46.212 -0400 [debug] ([34mcoverage-util.js[0m) [31mInstrumenting /Users/hkremer/Documents/Yext-Search-for-Freshservice/Yext Search for Freshservice/app/scripts/app.js[0m
2022-10-20 16:34:46.237 -0400 [debug] ([34miframe.js[0m) [31mResponding with contents of /index.html[0m
2022-10-20 16:34:46.240 -0400 [debug] ([34miframe.js[0m) [31mResponding with contents of /scripts/app.js[0m
2022-10-20 16:34:46.241 -0400 [debug] ([34mcoverage-util.js[0m) [31mInstrumenting /Users/hkremer/Documents/Yext-Search-for-Freshservice/Yext Search for Freshservice/app/scripts/app.js[0m
2022-10-20 16:34:46.265 -0400 [debug] ([34miframe.js[0m) [31mResponding with contents of /scripts/app.js[0m
2022-10-20 16:34:46.266 -0400 [debug] ([34mcoverage-util.js[0m) [31mInstrumenting /Users/hkremer/Documents/Yext-Search-for-Freshservice/Yext Search for Freshservice/app/scripts/app.js[0m
2022-10-20 16:34:46.296 -0400 [debug] ([34miframe.js[0m) [31mResponding with contents of /index.html[0m
2022-10-20 16:34:46.313 -0400 [debug] ([34miframe.js[0m) [31mResponding with contents of /index.html[0m
2022-10-20 16:34:46.324 -0400 [debug] ([34miframe.js[0m) [31mResponding with contents of /scripts/app.js[0m
2022-10-20 16:34:46.324 -0400 [debug] ([34mcoverage-util.js[0m) [31mInstrumenting /Users/hkremer/Documents/Yext-Search-for-Freshservice/Yext Search for Freshservice/app/scripts/app.js[0m
2022-10-20 16:34:46.348 -0400 [debug] ([34miframe.js[0m) [31mResponding with contents of /index.html[0m
2022-10-20 16:34:46.350 -0400 [debug] ([34miframe.js[0m) [31mResponding with contents of /scripts/app.js[0m
2022-10-20 16:34:46.350 -0400 [debug] ([34mcoverage-util.js[0m) [31mInstrumenting /Users/hkremer/Documents/Yext-Search-for-Freshservice/Yext Search for Freshservice/app/scripts/app.js[0m
2022-10-20 16:34:46.400 -0400 [debug] ([34miframe.js[0m) [31mResponding with contents of /scripts/app.js[0m
2022-10-20 16:34:46.401 -0400 [debug] ([34mcoverage-util.js[0m) [31mInstrumenting /Users/hkremer/Documents/Yext-Search-for-Freshservice/Yext Search for Freshservice/app/scripts/app.js[0m
2022-10-20 16:34:46.425 -0400 [debug] ([34miframe.js[0m) [31mResponding with contents of /index.html[0m
2022-10-20 16:34:46.444 -0400 [debug] ([34miframe.js[0m) [31mResponding with contents of /index.html[0m
2022-10-20 16:34:46.463 -0400 [debug] ([34miframe.js[0m) [31mResponding with contents of /scripts/app.js[0m
2022-10-20 16:34:46.465 -0400 [debug] ([34mcoverage-util.js[0m) [31mInstrumenting /Users/hkremer/Documents/Yext-Search-for-Freshservice/Yext Search for Freshservice/app/scripts/app.js[0m
2022-10-20 16:34:46.493 -0400 [debug] ([34miframe.js[0m) [31mResponding with contents of /index.html[0m
2022-10-20 16:34:46.494 -0400 [debug] ([34miframe.js[0m) [31mResponding with contents of /scripts/app.js[0m
2022-10-20 16:34:46.494 -0400 [debug] ([34mcoverage-util.js[0m) [31mInstrumenting /Users/hkremer/Documents/Yext-Search-for-Freshservice/Yext Search for Freshservice/app/scripts/app.js[0m
2022-10-20 16:34:46.530 -0400 [debug] ([34miframe.js[0m) [31mResponding with contents of /scripts/app.js[0m
2022-10-20 16:34:46.531 -0400 [debug] ([34mcoverage-util.js[0m) [31mInstrumenting /Users/hkremer/Documents/Yext-Search-for-Freshservice/Yext Search for Freshservice/app/scripts/app.js[0m
2022-10-20 16:34:46.559 -0400 [debug] ([34miframe.js[0m) [31mResponding with contents of /index.html[0m
2022-10-20 16:34:46.568 -0400 [debug] ([34miframe.js[0m) [31mResponding with contents of /scripts/app.js[0m
2022-10-20 16:34:46.568 -0400 [debug] ([34mcoverage-util.js[0m) [31mInstrumenting /Users/hkremer/Documents/Yext-Search-for-Freshservice/Yext Search for Freshservice/app/scripts/app.js[0m
2022-10-20 16:34:46.594 -0400 [debug] ([34miframe.js[0m) [31mResponding with contents of /scripts/app.js[0m
2022-10-20 16:34:46.595 -0400 [debug] ([34mcoverage-util.js[0m) [31mInstrumenting /Users/hkremer/Documents/Yext-Search-for-Freshservice/Yext Search for Freshservice/app/scripts/app.js[0m
2022-10-20 16:34:46.631 -0400 [debug] ([34miframe.js[0m) [31mResponding with contents of /index.html[0m
2022-10-20 16:34:46.685 -0400 [debug] ([34miframe.js[0m) [31mResponding with contents of /scripts/app.js[0m
2022-10-20 16:34:46.686 -0400 [debug] ([34mcoverage-util.js[0m) [31mInstrumenting /Users/hkremer/Documents/Yext-Search-for-Freshservice/Yext Search for Freshservice/app/scripts/app.js[0m
2022-10-20 16:34:46.714 -0400 [debug] ([34miframe.js[0m) [31mResponding with contents of /index.html[0m
2022-10-20 16:34:46.724 -0400 [debug] ([34miframe.js[0m) [31mResponding with contents of /scripts/app.js[0m
2022-10-20 16:34:46.725 -0400 [debug] ([34mcoverage-util.js[0m) [31mInstrumenting /Users/hkremer/Documents/Yext-Search-for-Freshservice/Yext Search for Freshservice/app/scripts/app.js[0m
2022-10-20 16:34:46.751 -0400 [debug] ([34miframe.js[0m) [31mResponding with contents of /scripts/app.js[0m
2022-10-20 16:34:46.751 -0400 [debug] ([34mcoverage-util.js[0m) [31mInstrumenting /Users/hkremer/Documents/Yext-Search-for-Freshservice/Yext Search for Freshservice/app/scripts/app.js[0m
2022-10-20 16:34:46.778 -0400 [debug] ([34miframe.js[0m) [31mResponding with contents of /index.html[0m
2022-10-20 16:34:46.784 -0400 [debug] ([34miframe.js[0m) [31mResponding with contents of /scripts/app.js[0m
2022-10-20 16:34:46.785 -0400 [debug] ([34mcoverage-util.js[0m) [31mInstrumenting /Users/hkremer/Documents/Yext-Search-for-Freshservice/Yext Search for Freshservice/app/scripts/app.js[0m
2022-10-20 16:34:46.819 -0400 [debug] ([34miframe.js[0m) [31mResponding with contents of /scripts/app.js[0m
2022-10-20 16:34:46.820 -0400 [debug] ([34mcoverage-util.js[0m) [31mInstrumenting /Users/hkremer/Documents/Yext-Search-for-Freshservice/Yext Search for Freshservice/app/scripts/app.js[0m
2022-10-20 16:34:46.846 -0400 [debug] ([34miframe.js[0m) [31mResponding with contents of /index.html[0m
2022-10-20 16:34:46.863 -0400 [debug] ([34miframe.js[0m) [31mResponding with contents of /scripts/app.js[0m
2022-10-20 16:34:46.864 -0400 [debug] ([34mcoverage-util.js[0m) [31mInstrumenting /Users/hkremer/Documents/Yext-Search-for-Freshservice/Yext Search for Freshservice/app/scripts/app.js[0m
2022-10-20 16:34:46.909 -0400 [debug] ([34miframe.js[0m) [31mResponding with contents of /index.html[0m
2022-10-20 16:34:46.922 -0400 [debug] ([34miframe.js[0m) [31mResponding with contents of /scripts/app.js[0m
2022-10-20 16:34:46.923 -0400 [debug] ([34mcoverage-util.js[0m) [31mInstrumenting /Users/hkremer/Documents/Yext-Search-for-Freshservice/Yext Search for Freshservice/app/scripts/app.js[0m
2022-10-20 16:34:46.943 -0400 [debug] ([34miframe.js[0m) [31mResponding with contents of /index.html[0m
2022-10-20 16:34:46.950 -0400 [debug] ([34miframe.js[0m) [31mResponding with contents of /scripts/app.js[0m
2022-10-20 16:34:46.950 -0400 [debug] ([34mcoverage-util.js[0m) [31mInstrumenting /Users/hkremer/Documents/Yext-Search-for-Freshservice/Yext Search for Freshservice/app/scripts/app.js[0m
2022-10-20 16:34:46.979 -0400 [debug] ([34miframe.js[0m) [31mResponding with contents of /index.html[0m
2022-10-20 16:34:46.999 -0400 [debug] ([34miframe.js[0m) [31mResponding with contents of /scripts/app.js[0m
2022-10-20 16:34:46.999 -0400 [debug] ([34mcoverage-util.js[0m) [31mInstrumenting /Users/hkremer/Documents/Yext-Search-for-Freshservice/Yext Search for Freshservice/app/scripts/app.js[0m
2022-10-20 16:34:47.025 -0400 [debug] ([34miframe.js[0m) [31mResponding with contents of /index.html[0m
2022-10-20 16:34:47.026 -0400 [debug] ([34miframe.js[0m) [31mResponding with contents of /scripts/app.js[0m
2022-10-20 16:34:47.027 -0400 [debug] ([34mcoverage-util.js[0m) [31mInstrumenting /Users/hkremer/Documents/Yext-Search-for-Freshservice/Yext Search for Freshservice/app/scripts/app.js[0m
2022-10-20 16:34:47.048 -0400 [debug] ([34miframe.js[0m) [31mResponding with contents of /scripts/app.js[0m
2022-10-20 16:34:47.049 -0400 [debug] ([34mcoverage-util.js[0m) [31mInstrumenting /Users/hkremer/Documents/Yext-Search-for-Freshservice/Yext Search for Freshservice/app/scripts/app.js[0m
2022-10-20 16:34:47.068 -0400 [debug] ([34miframe.js[0m) [31mResponding with contents of /index.html[0m
2022-10-20 16:34:47.079 -0400 [debug] ([34miframe.js[0m) [31mResponding with contents of /scripts/app.js[0m
2022-10-20 16:34:47.079 -0400 [debug] ([34mcoverage-util.js[0m) [31mInstrumenting /Users/hkremer/Documents/Yext-Search-for-Freshservice/Yext Search for Freshservice/app/scripts/app.js[0m
2022-10-20 16:34:47.106 -0400 [debug] ([34miframe.js[0m) [31mResponding with contents of /scripts/app.js[0m
2022-10-20 16:34:47.107 -0400 [debug] ([34mcoverage-util.js[0m) [31mInstrumenting /Users/hkremer/Documents/Yext-Search-for-Freshservice/Yext Search for Freshservice/app/scripts/app.js[0m
2022-10-20 16:34:47.161 -0400 [debug] ([34miframe.js[0m) [31mResponding with contents of /scripts/app.js[0m
2022-10-20 16:34:47.161 -0400 [debug] ([34mcoverage-util.js[0m) [31mInstrumenting /Users/hkremer/Documents/Yext-Search-for-Freshservice/Yext Search for Freshservice/app/scripts/app.js[0m
2022-10-20 16:34:47.187 -0400 [debug] ([34miframe.js[0m) [31mResponding with contents of /index.html[0m
2022-10-20 16:34:47.203 -0400 [debug] ([34miframe.js[0m) [31mResponding with contents of /index.html[0m
2022-10-20 16:34:47.214 -0400 [debug] ([34miframe.js[0m) [31mResponding with contents of /scripts/app.js[0m
2022-10-20 16:34:47.215 -0400 [debug] ([34mcoverage-util.js[0m) [31mInstrumenting /Users/hkremer/Documents/Yext-Search-for-Freshservice/Yext Search for Freshservice/app/scripts/app.js[0m
2022-10-20 16:34:47.241 -0400 [debug] ([34miframe.js[0m) [31mResponding with contents of /index.html[0m
2022-10-20 16:34:47.243 -0400 [debug] ([34miframe.js[0m) [31mResponding with contents of /scripts/app.js[0m
2022-10-20 16:34:47.244 -0400 [debug] ([34mcoverage-util.js[0m) [31mInstrumenting /Users/hkremer/Documents/Yext-Search-for-Freshservice/Yext Search for Freshservice/app/scripts/app.js[0m
2022-10-20 16:34:47.264 -0400 [debug] ([34miframe.js[0m) [31mResponding with contents of /scripts/app.js[0m
2022-10-20 16:34:47.265 -0400 [debug] ([34mcoverage-util.js[0m) [31mInstrumenting /Users/hkremer/Documents/Yext-Search-for-Freshservice/Yext Search for Freshservice/app/scripts/app.js[0m
2022-10-20 16:34:47.293 -0400 [debug] ([34miframe.js[0m) [31mResponding with contents of /index.html[0m
2022-10-20 16:34:47.334 -0400 [debug] ([34miframe.js[0m) [31mResponding with contents of /scripts/app.js[0m
2022-10-20 16:34:47.335 -0400 [debug] ([34mcoverage-util.js[0m) [31mInstrumenting /Users/hkremer/Documents/Yext-Search-for-Freshservice/Yext Search for Freshservice/app/scripts/app.js[0m
2022-10-20 16:34:47.360 -0400 [debug] ([34miframe.js[0m) [31mResponding with contents of /index.html[0m
2022-10-20 16:34:47.361 -0400 [debug] ([34miframe.js[0m) [31mResponding with contents of /scripts/app.js[0m
2022-10-20 16:34:47.362 -0400 [debug] ([34mcoverage-util.js[0m) [31mInstrumenting /Users/hkremer/Documents/Yext-Search-for-Freshservice/Yext Search for Freshservice/app/scripts/app.js[0m
2022-10-20 16:34:47.384 -0400 [debug] ([34miframe.js[0m) [31mResponding with contents of /scripts/app.js[0m
2022-10-20 16:34:47.384 -0400 [debug] ([34mcoverage-util.js[0m) [31mInstrumenting /Users/hkremer/Documents/Yext-Search-for-Freshservice/Yext Search for Freshservice/app/scripts/app.js[0m
2022-10-20 16:34:47.418 -0400 [debug] ([34miframe.js[0m) [31mResponding with contents of /scripts/app.js[0m
2022-10-20 16:34:47.419 -0400 [debug] ([34mcoverage-util.js[0m) [31mInstrumenting /Users/hkremer/Documents/Yext-Search-for-Freshservice/Yext Search for Freshservice/app/scripts/app.js[0m
2022-10-20 16:34:47.466 -0400 [debug] ([34miframe.js[0m) [31mResponding with contents of /scripts/app.js[0m
2022-10-20 16:34:47.466 -0400 [debug] ([34mcoverage-util.js[0m) [31mInstrumenting /Users/hkremer/Documents/Yext-Search-for-Freshservice/Yext Search for Freshservice/app/scripts/app.js[0m
2022-10-20 16:34:48.172 -0400 [debug] ([34miframe.js[0m) [31mResponding with contents of /index.html[0m
2022-10-20 16:34:48.173 -0400 [debug] ([34miframe.js[0m) [31mResponding with contents of /index.html[0m
2022-10-20 16:34:48.191 -0400 [debug] ([34miframe.js[0m) [31mResponding with contents of /scripts/app.js[0m
2022-10-20 16:34:48.192 -0400 [debug] ([34mcoverage-util.js[0m) [31mInstrumenting /Users/hkremer/Documents/Yext-Search-for-Freshservice/Yext Search for Freshservice/app/scripts/app.js[0m
2022-10-20 16:34:48.401 -0400 [debug] ([34miframe.js[0m) [31mResponding with contents of /scripts/app.js[0m
2022-10-20 16:34:48.401 -0400 [debug] ([34mcoverage-util.js[0m) [31mInstrumenting /Users/hkremer/Documents/Yext-Search-for-Freshservice/Yext Search for Freshservice/app/scripts/app.js[0m
2022-10-20 16:34:50.232 -0400 [debug] ([34mdata-util.js[0m) [31mRead {"yext_s_101_101_freshservice":{"yext_s_101_101_custom_iparams":{"answersUrl":"https://3808942.supportembed.com.pagescdn.com/","autoFillSearchBar":""}}}[0m
2022-10-20 16:34:50.233 -0400 [debug] ([34mdata-util.js[0m) [31mRead {"yext_s_101_101_freshservice":{"yext_s_101_101_custom_iparams":{"answersUrl":"https://3808942.supportembed.com.pagescdn.com/","autoFillSearchBar":""}}}[0m
2022-10-20 16:34:50.233 -0400 [debug] ([34miframe.js[0m) [31mResponding to product with {"configs":{"answersUrl":"https://3808942.supportembed.com.pagescdn.com/","autoFillSearchBar":""},"displayName":"Yext Search for Freshservice","product":{"freshservice":{"location":{"full_page_app":{"url":"index.html","icon":"styles/images/Yext_Seal_White.svg"},"ticket_sidebar":{"url":"index.html","icon":"styles/images/Yext_Seal_Black.svg"},"new_ticket_sidebar":{"url":"index.html","icon":"styles/images/Yext_Seal_Black.svg"},"change_sidebar":{"url":"index.html","icon":"styles/images/Yext_Seal_Black.svg"},"new_change_sidebar":{"url":"index.html","icon":"styles/images/Yext_Seal_Black.svg"}}}},"features":["db"],"actions":false,"omni":false,"products":["freshservice"],"platform":"2.1","v2":[{"id":1,"version_id":1,"configs":{"answersUrl":"https://3808942.supportembed.com.pagescdn.com/","autoFillSearchBar":""},"displayName":"Yext Search for Freshservice","placeholders":{"full_page_app":{"url":"http://localhost:10001/iframe/index.html","icon":"styles/images/Yext_Seal_White.svg"},"ticket_sidebar":{"url":"http://localhost:10001/iframe/index.html","icon":"styles/images/Yext_Seal_Black.svg"},"new_ticket_sidebar":{"url":"http://localhost:10001/iframe/index.html","icon":"styles/images/Yext_Seal_Black.svg"},"change_sidebar":{"url":"http://localhost:10001/iframe/index.html","icon":"styles/images/Yext_Seal_Black.svg"},"new_change_sidebar":{"url":"http://localhost:10001/iframe/index.html","icon":"styles/images/Yext_Seal_Black.svg"}}}]}[0m
2022-10-20 16:34:50.237 -0400 [debug] ([34mdata-util.js[0m) [31mRead {"yext_s_101_101_freshservice":{"yext_s_101_101_custom_iparams":{"answersUrl":"https://3808942.supportembed.com.pagescdn.com/","autoFillSearchBar":""}}}[0m
2022-10-20 16:34:50.238 -0400 [debug] ([34mdata-util.js[0m) [31mRead {"yext_s_101_101_freshservice":{"yext_s_101_101_custom_iparams":{"answersUrl":"https://3808942.supportembed.com.pagescdn.com/","autoFillSearchBar":""}}}[0m
2022-10-20 16:34:50.238 -0400 [debug] ([34miframe.js[0m) [31mResponding to product with {"configs":{"answersUrl":"https://3808942.supportembed.com.pagescdn.com/","autoFillSearchBar":""},"displayName":"Yext Search for Freshservice","product":{"freshservice":{"location":{"full_page_app":{"url":"index.html","icon":"styles/images/Yext_Seal_White.svg"},"ticket_sidebar":{"url":"index.html","icon":"styles/images/Yext_Seal_Black.svg"},"new_ticket_sidebar":{"url":"index.html","icon":"styles/images/Yext_Seal_Black.svg"},"change_sidebar":{"url":"index.html","icon":"styles/images/Yext_Seal_Black.svg"},"new_change_sidebar":{"url":"index.html","icon":"styles/images/Yext_Seal_Black.svg"}}}},"features":["db"],"actions":false,"omni":false,"products":["freshservice"],"platform":"2.1","v2":[{"id":1,"version_id":1,"configs":{"answersUrl":"https://3808942.supportembed.com.pagescdn.com/","autoFillSearchBar":""},"displayName":"Yext Search for Freshservice","placeholders":{"full_page_app":{"url":"http://localhost:10001/iframe/index.html","icon":"styles/images/Yext_Seal_White.svg"},"ticket_sidebar":{"url":"http://localhost:10001/iframe/index.html","icon":"styles/images/Yext_Seal_Black.svg"},"new_ticket_sidebar":{"url":"http://localhost:10001/iframe/index.html","icon":"styles/images/Yext_Seal_Black.svg"},"change_sidebar":{"url":"http://localhost:10001/iframe/index.html","icon":"styles/images/Yext_Seal_Black.svg"},"new_change_sidebar":{"url":"http://localhost:10001/iframe/index.html","icon":"styles/images/Yext_Seal_Black.svg"}}}]}[0m
2022-10-20 16:34:51.307 -0400 [debug] ([34miframe.js[0m) [31mResponding with contents of /index.html[0m
2022-10-20 16:34:51.350 -0400 [debug] ([34miframe.js[0m) [31mResponding with contents of /scripts/app.js[0m
2022-10-20 16:34:51.351 -0400 [debug] ([34mcoverage-util.js[0m) [31mInstrumenting /Users/hkremer/Documents/Yext-Search-for-Freshservice/Yext Search for Freshservice/app/scripts/app.js[0m
2022-10-20 16:34:51.951 -0400 [debug] ([34miframe.js[0m) [31mResponding with contents of /scripts/app.js[0m
2022-10-20 16:34:51.951 -0400 [debug] ([34mcoverage-util.js[0m) [31mInstrumenting /Users/hkremer/Documents/Yext-Search-for-Freshservice/Yext Search for Freshservice/app/scripts/app.js[0m
2022-10-20 16:34:53.431 -0400 [debug] ([34mcoverage-util.js[0m) [31mWriting coverage.[0m
2022-10-20 16:34:57.420 -0400 [debug] ([34mcoverage-util.js[0m) [31mWriting coverage.[0m
2022-10-20 16:34:59.423 -0400 [debug] ([34mcoverage-util.js[0m) [31mWriting coverage.[0m
2022-10-20 16:35:05.423 -0400 [debug] ([34mcoverage-util.js[0m) [31mWriting coverage.[0m
2022-10-20 16:35:13.423 -0400 [debug] ([34mcoverage-util.js[0m) [31mWriting coverage.[0m
2022-10-20 16:35:17.422 -0400 [debug] ([34mcoverage-util.js[0m) [31mWriting coverage.[0m
2022-10-20 16:35:19.422 -0400 [debug] ([34mcoverage-util.js[0m) [31mWriting coverage.[0m
2022-10-20 16:35:23.424 -0400 [debug] ([34mcoverage-util.js[0m) [31mWriting coverage.[0m
2022-10-20 16:35:27.426 -0400 [debug] ([34mcoverage-util.js[0m) [31mWriting coverage.[0m
2022-10-20 16:35:31.422 -0400 [debug] ([34mcoverage-util.js[0m) [31mWriting coverage.[0m
2022-10-20 16:35:33.422 -0400 [debug] ([34mcoverage-util.js[0m) [31mWriting coverage.[0m
2022-10-20 16:35:35.422 -0400 [debug] ([34mcoverage-util.js[0m) [31mWriting coverage.[0m
2022-10-20 16:35:37.424 -0400 [debug] ([34mcoverage-util.js[0m) [31mWriting coverage.[0m
2022-10-20 16:35:39.424 -0400 [debug] ([34mcoverage-util.js[0m) [31mWriting coverage.[0m
2022-10-20 16:36:55.218 -0400 [debug] ([34mwatcher.js[0m) [31mBroadcasted "{"file":"scripts/app.js"}" to all listeners.[0m
2022-10-20 16:36:55.256 -0400 [debug] ([34miframe.js[0m) [31mResponding with contents of /index.html[0m
2022-10-20 16:36:55.303 -0400 [debug] ([34miframe.js[0m) [31mResponding with contents of /scripts/app.js[0m
2022-10-20 16:36:55.303 -0400 [debug] ([34mcoverage-util.js[0m) [31mInstrumenting /Users/hkremer/Documents/Yext-Search-for-Freshservice/Yext Search for Freshservice/app/scripts/app.js[0m
2022-10-20 16:36:57.467 -0400 [debug] ([34mcoverage-util.js[0m) [31mWriting coverage.[0m
2022-10-20 16:37:13.599 -0400 [debug] ([34mdata-util.js[0m) [31mRead {"yext_s_101_101_freshservice":{"yext_s_101_101_custom_iparams":{"answersUrl":"https://3808942.supportembed.com.pagescdn.com/","autoFillSearchBar":""}}}[0m
2022-10-20 16:37:13.600 -0400 [debug] ([34mdata-util.js[0m) [31mRead {"yext_s_101_101_freshservice":{"yext_s_101_101_custom_iparams":{"answersUrl":"https://3808942.supportembed.com.pagescdn.com/","autoFillSearchBar":""}}}[0m
2022-10-20 16:37:13.600 -0400 [debug] ([34miframe.js[0m) [31mResponding to product with {"configs":{"answersUrl":"https://3808942.supportembed.com.pagescdn.com/","autoFillSearchBar":""},"displayName":"Yext Search for Freshservice","product":{"freshservice":{"location":{"full_page_app":{"url":"index.html","icon":"styles/images/Yext_Seal_White.svg"},"ticket_sidebar":{"url":"index.html","icon":"styles/images/Yext_Seal_Black.svg"},"new_ticket_sidebar":{"url":"index.html","icon":"styles/images/Yext_Seal_Black.svg"},"change_sidebar":{"url":"index.html","icon":"styles/images/Yext_Seal_Black.svg"},"new_change_sidebar":{"url":"index.html","icon":"styles/images/Yext_Seal_Black.svg"}}}},"features":["db"],"actions":false,"omni":false,"products":["freshservice"],"platform":"2.1","v2":[{"id":1,"version_id":1,"configs":{"answersUrl":"https://3808942.supportembed.com.pagescdn.com/","autoFillSearchBar":""},"displayName":"Yext Search for Freshservice","placeholders":{"full_page_app":{"url":"http://localhost:10001/iframe/index.html","icon":"styles/images/Yext_Seal_White.svg"},"ticket_sidebar":{"url":"http://localhost:10001/iframe/index.html","icon":"styles/images/Yext_Seal_Black.svg"},"new_ticket_sidebar":{"url":"http://localhost:10001/iframe/index.html","icon":"styles/images/Yext_Seal_Black.svg"},"change_sidebar":{"url":"http://localhost:10001/iframe/index.html","icon":"styles/images/Yext_Seal_Black.svg"},"new_change_sidebar":{"url":"http://localhost:10001/iframe/index.html","icon":"styles/images/Yext_Seal_Black.svg"}}}]}[0m
2022-10-20 16:37:13.602 -0400 [debug] ([34mdata-util.js[0m) [31mRead {"yext_s_101_101_freshservice":{"yext_s_101_101_custom_iparams":{"answersUrl":"https://3808942.supportembed.com.pagescdn.com/","autoFillSearchBar":""}}}[0m
2022-10-20 16:37:13.603 -0400 [debug] ([34mdata-util.js[0m) [31mRead {"yext_s_101_101_freshservice":{"yext_s_101_101_custom_iparams":{"answersUrl":"https://3808942.supportembed.com.pagescdn.com/","autoFillSearchBar":""}}}[0m
2022-10-20 16:37:13.603 -0400 [debug] ([34miframe.js[0m) [31mResponding to product with {"configs":{"answersUrl":"https://3808942.supportembed.com.pagescdn.com/","autoFillSearchBar":""},"displayName":"Yext Search for Freshservice","product":{"freshservice":{"location":{"full_page_app":{"url":"index.html","icon":"styles/images/Yext_Seal_White.svg"},"ticket_sidebar":{"url":"index.html","icon":"styles/images/Yext_Seal_Black.svg"},"new_ticket_sidebar":{"url":"index.html","icon":"styles/images/Yext_Seal_Black.svg"},"change_sidebar":{"url":"index.html","icon":"styles/images/Yext_Seal_Black.svg"},"new_change_sidebar":{"url":"index.html","icon":"styles/images/Yext_Seal_Black.svg"}}}},"features":["db"],"actions":false,"omni":false,"products":["freshservice"],"platform":"2.1","v2":[{"id":1,"version_id":1,"configs":{"answersUrl":"https://3808942.supportembed.com.pagescdn.com/","autoFillSearchBar":""},"displayName":"Yext Search for Freshservice","placeholders":{"full_page_app":{"url":"http://localhost:10001/iframe/index.html","icon":"styles/images/Yext_Seal_White.svg"},"ticket_sidebar":{"url":"http://localhost:10001/iframe/index.html","icon":"styles/images/Yext_Seal_Black.svg"},"new_ticket_sidebar":{"url":"http://localhost:10001/iframe/index.html","icon":"styles/images/Yext_Seal_Black.svg"},"change_sidebar":{"url":"http://localhost:10001/iframe/index.html","icon":"styles/images/Yext_Seal_Black.svg"},"new_change_sidebar":{"url":"http://localhost:10001/iframe/index.html","icon":"styles/images/Yext_Seal_Black.svg"}}}]}[0m
2022-10-20 16:37:14.981 -0400 [debug] ([34miframe.js[0m) [31mResponding with contents of /index.html[0m
2022-10-20 16:37:15.010 -0400 [debug] ([34miframe.js[0m) [31mResponding with contents of /scripts/app.js[0m
2022-10-20 16:37:15.010 -0400 [debug] ([34mcoverage-util.js[0m) [31mInstrumenting /Users/hkremer/Documents/Yext-Search-for-Freshservice/Yext Search for Freshservice/app/scripts/app.js[0m
2022-10-20 16:37:16.447 -0400 [debug] ([34miframe.js[0m) [31mResponding with contents of /scripts/app.js[0m
2022-10-20 16:37:16.448 -0400 [debug] ([34mcoverage-util.js[0m) [31mInstrumenting /Users/hkremer/Documents/Yext-Search-for-Freshservice/Yext Search for Freshservice/app/scripts/app.js[0m
2022-10-20 16:37:17.122 -0400 [debug] ([34mcoverage-util.js[0m) [31mWriting coverage.[0m
2022-10-20 16:37:19.124 -0400 [debug] ([34mcoverage-util.js[0m) [31mWriting coverage.[0m
2022-10-20 16:37:21.125 -0400 [debug] ([34mcoverage-util.js[0m) [31mWriting coverage.[0m
2022-10-20 16:37:23.127 -0400 [debug] ([34mcoverage-util.js[0m) [31mWriting coverage.[0m
2022-10-20 16:37:25.125 -0400 [debug] ([34mcoverage-util.js[0m) [31mWriting coverage.[0m
2022-10-20 16:37:29.124 -0400 [debug] ([34mcoverage-util.js[0m) [31mWriting coverage.[0m
2022-10-20 16:37:31.126 -0400 [debug] ([34mcoverage-util.js[0m) [31mWriting coverage.[0m
2022-10-20 16:37:33.125 -0400 [debug] ([34mcoverage-util.js[0m) [31mWriting coverage.[0m
